This is pdfTeX, Version 3.141592653-2.6-1.40.22 (MiKTeX 21.3) (preloaded format=pdflatex 2021.3.15)  12 JAN 2022 10:00
entering extended mode
**./response_TSG.tex
(response_TSG.tex
LaTeX2e <2020-10-01> patch level 4
L3 programming layer <2021-02-18> xparse <2020-03-03>
(C:\Users\giuse\AppData\Local\Programs\MiKTeX 2.9\tex/latex/base\article.cls
Document Class: article 2020/04/10 v1.4m Standard LaTeX document class
(C:\Users\giuse\AppData\Local\Programs\MiKTeX 2.9\tex/latex/base\size11.clo
File: size11.clo 2020/04/10 v1.4m Standard LaTeX file (size option)
)
\c@part=\count179
\c@section=\count180
\c@subsection=\count181
\c@subsubsection=\count182
\c@paragraph=\count183
\c@subparagraph=\count184
\c@figure=\count185
\c@table=\count186
\abovecaptionskip=\skip47
\belowcaptionskip=\skip48
\bibindent=\dimen138
)
(C:\Users\giuse\AppData\Roaming\MiKTeX\2.9\tex/latex/geometry\geometry.sty
Package: geometry 2018/04/16 v5.8 Page Geometry

(C:\Users\giuse\AppData\Local\Programs\MiKTeX 2.9\tex/latex/graphics\keyval.sty
Package: keyval 2014/10/28 v1.15 key=value parser (DPC)
\KV@toks@=\toks15
) (C:\Users\giuse\AppData\Local\Programs\MiKTeX 2.9\tex/generic/iftex\ifpdf.sty
Package: ifpdf 2019/10/25 v3.4 ifpdf legacy package. Use iftex instead.
(C:\Users\giuse\AppData\Local\Programs\MiKTeX 2.9\tex/generic/iftex\iftex.sty
Package: iftex 2020/03/06 v1.0d TeX engine tests
)) (C:\Users\giuse\AppData\Local\Programs\MiKTeX 2.9\tex/generic/iftex\ifvtex.s
ty
Package: ifvtex 2019/10/25 v1.7 ifvtex legacy package. Use iftex instead.
)
(C:\Users\giuse\AppData\Local\Programs\MiKTeX 2.9\tex/generic/iftex\ifxetex.sty
Package: ifxetex 2019/10/25 v0.7 ifxetex legacy package. Use iftex instead.
)
\Gm@cnth=\count187
\Gm@cntv=\count188
\c@Gm@tempcnt=\count189
\Gm@bindingoffset=\dimen139
\Gm@wd@mp=\dimen140
\Gm@odd@mp=\dimen141
\Gm@even@mp=\dimen142
\Gm@layoutwidth=\dimen143
\Gm@layoutheight=\dimen144
\Gm@layouthoffset=\dimen145
\Gm@layoutvoffset=\dimen146
\Gm@dimlist=\toks16
 (C:\Users\giuse\AppData\Roaming\MiKTeX\2.9\tex/latex/geometry\geometry.cfg))
(C:\Users\giuse\AppData\Local\Programs\MiKTeX 2.9\tex/generic/babel\babel.sty
Package: babel 2021/03/03 3.55 The Babel package

(C:\Users\giuse\AppData\Local\Programs\MiKTeX 2.9\tex/generic/babel\babel.def
File: babel.def 2021/03/03 3.55 Babel common definitions
\babel@savecnt=\count190
\U@D=\dimen147
\l@babelnohyphens=\language79

(C:\Users\giuse\AppData\Local\Programs\MiKTeX 2.9\tex/generic/babel\txtbabel.de
f)
\bbl@readstream=\read2
)
\bbl@dirlevel=\count191

*************************************
* Local config file bblopts.cfg used
*
(C:\Users\giuse\AppData\Local\Programs\MiKTeX 2.9\tex/latex/arabi\bblopts.cfg
File: bblopts.cfg 2005/09/08 v0.1 add Arabic and Farsi to "declared" options of
 babel
)
(C:\Users\giuse\AppData\Local\Programs\MiKTeX 2.9\tex/latex/babel-english\engli
sh.ldf
Language: english 2017/06/06 v3.3r English support from the babel system
Package babel Info: \l@canadian = using hyphenrules for english
(babel)             (\language0) on input line 102.
Package babel Info: \l@australian = using hyphenrules for ukenglish
(babel)             (\language73) on input line 105.
Package babel Info: \l@newzealand = using hyphenrules for ukenglish
(babel)             (\language73) on input line 108.
)) (C:\Users\giuse\AppData\Roaming\MiKTeX\2.9\tex/latex/psnfss\times.sty
Package: times 2005/04/12 PSNFSS-v9.2a (SPQR) 
)
(C:\Users\giuse\AppData\Local\Programs\MiKTeX 2.9\tex/latex/graphics\epsfig.sty
Package: epsfig 2017/06/25 v1.7b (e)psfig emulation (SPQR)

(C:\Users\giuse\AppData\Local\Programs\MiKTeX 2.9\tex/latex/graphics\graphicx.s
ty
Package: graphicx 2020/09/09 v1.2b Enhanced LaTeX Graphics (DPC,SPQR)

(C:\Users\giuse\AppData\Local\Programs\MiKTeX 2.9\tex/latex/graphics\graphics.s
ty
Package: graphics 2020/08/30 v1.4c Standard LaTeX Graphics (DPC,SPQR)

(C:\Users\giuse\AppData\Local\Programs\MiKTeX 2.9\tex/latex/graphics\trig.sty
Package: trig 2016/01/03 v1.10 sin cos tan (DPC)
)
(C:\Users\giuse\AppData\Local\Programs\MiKTeX 2.9\tex/latex/graphics-cfg\graphi
cs.cfg
File: graphics.cfg 2016/06/04 v1.11 sample graphics configuration
)
Package graphics Info: Driver file: pdftex.def on input line 105.

(C:\Users\giuse\AppData\Local\Programs\MiKTeX 2.9\tex/latex/graphics-def\pdftex
.def
File: pdftex.def 2020/10/05 v1.2a Graphics/color driver for pdftex
))
\Gin@req@height=\dimen148
\Gin@req@width=\dimen149
)
\epsfxsize=\dimen150
\epsfysize=\dimen151
)
(C:\Users\giuse\AppData\Local\Programs\MiKTeX 2.9\tex/latex/subfigure\subfigure
.sty
Package: subfigure 2002/07/30 v2.1.4 subfigure package
\subfigtopskip=\skip49
\subfigcapskip=\skip50
\subfigcaptopadj=\dimen152
\subfigbottomskip=\skip51
\subfigcapmargin=\dimen153
\subfiglabelskip=\skip52
\c@subfigure=\count192
\c@lofdepth=\count193
\c@subtable=\count194
\c@lotdepth=\count195

****************************************
* Local config file subfigure.cfg used *
****************************************

(C:\Users\giuse\AppData\Local\Programs\MiKTeX 2.9\tex/latex/subfigure\subfigure
.cfg)
\subfig@top=\skip53
\subfig@bottom=\skip54
) (C:\Users\giuse\AppData\Roaming\MiKTeX\2.9\tex/latex/psfrag\psfrag.sty
Package: psfrag 1998/04/11 v3.04 PSfrag (MCG)
\pfg@pcount=\count196
\pfg@scount=\count197
\pfg@temp=\write3
)
(C:\Users\giuse\AppData\Local\Programs\MiKTeX 2.9\tex/latex/amsfonts\amssymb.st
y
Package: amssymb 2013/01/14 v3.01 AMS font symbols

(C:\Users\giuse\AppData\Local\Programs\MiKTeX 2.9\tex/latex/amsfonts\amsfonts.s
ty
Package: amsfonts 2013/01/14 v3.01 Basic AMSFonts support
\@emptytoks=\toks17
\symAMSa=\mathgroup4
\symAMSb=\mathgroup5
LaTeX Font Info:    Redeclaring math symbol \hbar on input line 98.
LaTeX Font Info:    Overwriting math alphabet `\mathfrak' in version `bold'
(Font)                  U/euf/m/n --> U/euf/b/n on input line 106.
))
(C:\Users\giuse\AppData\Local\Programs\MiKTeX 2.9\tex/latex/amsmath\amsmath.sty
Package: amsmath 2020/09/23 v2.17i AMS math features
\@mathmargin=\skip55
For additional information on amsmath, use the `?' option.

(C:\Users\giuse\AppData\Local\Programs\MiKTeX 2.9\tex/latex/amsmath\amstext.sty
Package: amstext 2000/06/29 v2.01 AMS text
(C:\Users\giuse\AppData\Local\Programs\MiKTeX 2.9\tex/latex/amsmath\amsgen.sty
File: amsgen.sty 1999/11/30 v2.0 generic functions
\@emptytoks=\toks18
\ex@=\dimen154
))
(C:\Users\giuse\AppData\Local\Programs\MiKTeX 2.9\tex/latex/amsmath\amsbsy.sty
Package: amsbsy 1999/11/29 v1.2d Bold Symbols
\pmbraise@=\dimen155
) (C:\Users\giuse\AppData\Local\Programs\MiKTeX 2.9\tex/latex/amsmath\amsopn.st
y
Package: amsopn 2016/03/08 v2.02 operator names
)
\inf@bad=\count198
LaTeX Info: Redefining \frac on input line 234.
\uproot@=\count199
\leftroot@=\count266
LaTeX Info: Redefining \overline on input line 399.
\classnum@=\count267
\DOTSCASE@=\count268
LaTeX Info: Redefining \ldots on input line 496.
LaTeX Info: Redefining \dots on input line 499.
LaTeX Info: Redefining \cdots on input line 620.
\Mathstrutbox@=\box47
\strutbox@=\box48
\big@size=\dimen156
LaTeX Font Info:    Redeclaring font encoding OML on input line 743.
LaTeX Font Info:    Redeclaring font encoding OMS on input line 744.
\macc@depth=\count269
\c@MaxMatrixCols=\count270
\dotsspace@=\muskip16
\c@parentequation=\count271
\dspbrk@lvl=\count272
\tag@help=\toks19
\row@=\count273
\column@=\count274
\maxfields@=\count275
\andhelp@=\toks20
\eqnshift@=\dimen157
\alignsep@=\dimen158
\tagshift@=\dimen159
\tagwidth@=\dimen160
\totwidth@=\dimen161
\lineht@=\dimen162
\@envbody=\toks21
\multlinegap=\skip56
\multlinetaggap=\skip57
\mathdisplay@stack=\toks22
LaTeX Info: Redefining \[ on input line 2923.
LaTeX Info: Redefining \] on input line 2924.
)
(C:\Users\giuse\AppData\Local\Programs\MiKTeX 2.9\tex/latex/latex-tools\tabular
x.sty
Package: tabularx 2020/01/15 v2.11c `tabularx' package (DPC)

(C:\Users\giuse\AppData\Local\Programs\MiKTeX 2.9\tex/latex/latex-tools\array.s
ty
Package: array 2020/10/01 v2.5c Tabular extension package (FMi)
\col@sep=\dimen163
\ar@mcellbox=\box49
\extrarowheight=\dimen164
\NC@list=\toks23
\extratabsurround=\skip58
\backup@length=\skip59
\ar@cellbox=\box50
)
\TX@col@width=\dimen165
\TX@old@table=\dimen166
\TX@old@col=\dimen167
\TX@target=\dimen168
\TX@delta=\dimen169
\TX@cols=\count276
\TX@ftn=\toks24
)
(C:\Users\giuse\AppData\Local\Programs\MiKTeX 2.9\tex/latex/base\inputenc.sty
Package: inputenc 2020/08/01 v1.3d Input encoding file
\inpenc@prehook=\toks25
\inpenc@posthook=\toks26
)
(C:\Users\giuse\AppData\Local\Programs\MiKTeX 2.9\tex/latex/base\fontenc.sty
Package: fontenc 2020/08/10 v2.0s Standard LaTeX package
LaTeX Font Info:    Trying to load font information for T1+ptm on input line 11
2.

(C:\Users\giuse\AppData\Roaming\MiKTeX\2.9\tex/latex/psnfss\t1ptm.fd
File: t1ptm.fd 2001/06/04 font definitions for T1/ptm.
))
(C:\Users\giuse\AppData\Local\Programs\MiKTeX 2.9\tex/latex/sttools\stfloats.st
y
Package: stfloats 2017/03/27 v3.3 Improve float mechanism and baselineskip sett
ings
\@dblbotnum=\count277
\c@dblbotnumber=\count278
)
(C:\Users\giuse\AppData\Local\Programs\MiKTeX 2.9\tex/latex/graphics\color.sty
Package: color 2020/02/24 v1.2b Standard LaTeX Color (DPC)

(C:\Users\giuse\AppData\Local\Programs\MiKTeX 2.9\tex/latex/graphics-cfg\color.
cfg
File: color.cfg 2016/01/02 v1.6 sample color configuration
)
Package color Info: Driver file: pdftex.def on input line 147.
)
(C:\Users\giuse\AppData\Local\Programs\MiKTeX 2.9\tex/latex/latex-tools\bm.sty
Package: bm 2019/07/24 v1.2d Bold Symbol Support (DPC/FMi)
\symboldoperators=\mathgroup6
\symboldletters=\mathgroup7
\symboldsymbols=\mathgroup8
LaTeX Font Info:    Redeclaring math alphabet \mathbf on input line 141.
LaTeX Info: Redefining \bm on input line 209.
) (C:\Users\giuse\AppData\Roaming\MiKTeX\2.9\tex/latex/fancyhdr\fancyhdr.sty
Package: fancyhdr 2019/01/31 v3.10 Extensive control of page headers and footer
s
\f@nch@headwidth=\skip60
\f@nch@O@elh=\skip61
\f@nch@O@erh=\skip62
\f@nch@O@olh=\skip63
\f@nch@O@orh=\skip64
\f@nch@O@elf=\skip65
\f@nch@O@erf=\skip66
\f@nch@O@olf=\skip67
\f@nch@O@orf=\skip68
)
(C:\Users\giuse\AppData\Local\Programs\MiKTeX 2.9\tex/latex/datetime\datetime.s
ty
Package: datetime 2015/03/20 v2.60 Date Time Package

(C:\Users\giuse\AppData\Local\Programs\MiKTeX 2.9\tex/latex/etoolbox\etoolbox.s
ty
Package: etoolbox 2020/10/05 v2.5k e-TeX tools for LaTeX (JAW)
\etb@tempcnta=\count279
)
(C:\Users\giuse\AppData\Local\Programs\MiKTeX 2.9\tex/latex/fmtcount\fmtcount.s
ty
Package: fmtcount 2020/01/30 v3.07
 (C:\Users\giuse\AppData\Local\Programs\MiKTeX 2.9\tex/latex/base\ifthen.sty
Package: ifthen 2014/09/29 v1.1c Standard LaTeX ifthen package (DPC)
)
(C:\Users\giuse\AppData\Local\Programs\MiKTeX 2.9\tex/latex/xkeyval\xkeyval.sty
Package: xkeyval 2020/11/20 v2.8 package option processing (HA)

(C:\Users\giuse\AppData\Local\Programs\MiKTeX 2.9\tex/generic/xkeyval\xkeyval.t
ex
(C:\Users\giuse\AppData\Local\Programs\MiKTeX 2.9\tex/generic/xkeyval\xkvutils.
tex
\XKV@toks=\toks27
\XKV@tempa@toks=\toks28
)
\XKV@depth=\count280
File: xkeyval.tex 2014/12/03 v2.7a key=value parser (HA)
))
(C:\Users\giuse\AppData\Local\Programs\MiKTeX 2.9\tex/latex/fmtcount\fcprefix.s
ty
Package: fcprefix 2012/09/28

(C:\Users\giuse\AppData\Local\Programs\MiKTeX 2.9\tex/latex/fmtcount\fcnumparse
r.sty
Package: fcnumparser 2017/06/15
\fc@digit@counter=\count281
))
\c@padzeroesN=\count282
\fc@tmpcatcode=\count283

(C:\Users\giuse\AppData\Local\Programs\MiKTeX 2.9\tex/latex/fmtcount\fc-english
.def
File: fc-english.def 2016/01/12
)
\@DT@modctr=\count284
\@ordinalctr=\count285
\@orgargctr=\count286
\@strctr=\count287
\@tmpstrctr=\count288
\@DT@loopN=\count289
\@DT@X=\count290
)
(C:\Users\giuse\AppData\Local\Programs\MiKTeX 2.9\tex/latex/datetime\datetime-d
efaults.sty
Package: datetime-defaults 2013/09/10
)
\@day=\count291
\@month=\count292
\@year=\count293
\c@HOUR=\count294
\c@HOURXII=\count295
\c@MINUTE=\count296
\c@TOHOUR=\count297
\c@TOMINUTE=\count298
\c@SECOND=\count299
\currenthour=\count300
\currentminute=\count301
\currentsecond=\count302
Package datetime Info: No datetime.cfg file found, using default settings on in
put line 308.
\@dtctr=\count303
\dayofyear=\count304
\dayofweek=\count305
LaTeX Info: Redefining \today on input line 736.
\dt@a=\toks29
\dt@b=\toks30
)
(C:\Users\giuse\AppData\Local\Programs\MiKTeX 2.9\tex/latex/enumitem\enumitem.s
ty
Package: enumitem 2019/06/20 v3.9 Customized lists
\labelindent=\skip69
\enit@outerparindent=\dimen170
\enit@toks=\toks31
\enit@inbox=\box51
\enit@count@id=\count306
\enitdp@description=\count307
)
(C:\Users\giuse\AppData\Local\Programs\MiKTeX 2.9\tex/latex/algorithms\algorith
mic.sty
Package: algorithmic 2009/08/24 v0.1 Document Style `algorithmic'
\c@ALC@unique=\count308
\c@ALC@line=\count309
\c@ALC@rem=\count310
\c@ALC@depth=\count311
\ALC@tlm=\skip70
\algorithmicindent=\skip71
)
(C:\Users\giuse\AppData\Local\Programs\MiKTeX 2.9\tex/latex/cite\cite.sty
LaTeX Info: Redefining \cite on input line 302.
LaTeX Info: Redefining \nocite on input line 332.
Package: cite 2015/02/27  v 5.5
)
(C:\Users\giuse\AppData\Local\Programs\MiKTeX 2.9\tex/latex/xcolor\xcolor.sty
Package: xcolor 2016/05/11 v2.12 LaTeX color extensions (UK)

(C:\Users\giuse\AppData\Local\Programs\MiKTeX 2.9\tex/latex/graphics-cfg\color.
cfg
File: color.cfg 2016/01/02 v1.6 sample color configuration
)
Package xcolor Info: Driver file: pdftex.def on input line 225.
LaTeX Info: Redefining \color on input line 709.
Package xcolor Info: Model `cmy' substituted by `cmy0' on input line 1348.
Package xcolor Info: Model `hsb' substituted by `rgb' on input line 1352.
Package xcolor Info: Model `RGB' extended on input line 1364.
Package xcolor Info: Model `HTML' substituted by `rgb' on input line 1366.
Package xcolor Info: Model `Hsb' substituted by `hsb' on input line 1367.
Package xcolor Info: Model `tHsb' substituted by `hsb' on input line 1368.
Package xcolor Info: Model `HSB' substituted by `hsb' on input line 1369.
Package xcolor Info: Model `Gray' substituted by `gray' on input line 1370.
Package xcolor Info: Model `wave' substituted by `hsb' on input line 1371.

(C:\Users\giuse\AppData\Local\Programs\MiKTeX 2.9\tex/latex/graphics\dvipsnam.d
ef
File: dvipsnam.def 2016/06/17 v3.0m Driver-dependent file (DPC,SPQR)
))
(C:\Users\giuse\AppData\Local\Programs\MiKTeX 2.9\tex/latex/algorithms\algorith
m.sty
Package: algorithm 2009/08/24 v0.1 Document Style `algorithm' - floating enviro
nment
 (C:\Users\giuse\AppData\Roaming\MiKTeX\2.9\tex/latex/float\float.sty
Package: float 2001/11/08 v1.3d Float enhancements (AL)
\c@float@type=\count312
\float@exts=\toks32
\float@box=\box52
\@float@everytoks=\toks33
\@floatcapt=\box53
)
\@float@every@algorithm=\toks34
\c@algorithm=\count313
)
(C:\Users\giuse\AppData\Local\Programs\MiKTeX 2.9\tex/latex/ulem\ulem.sty
\UL@box=\box54
\UL@hyphenbox=\box55
\UL@skip=\skip72
\UL@hook=\toks35
\UL@height=\dimen171
\UL@pe=\count314
\UL@pixel=\dimen172
\ULC@box=\box56
Package: ulem 2019/11/18
\ULdepth=\dimen173
)
(C:\Users\giuse\AppData\Local\Programs\MiKTeX 2.9\tex/latex/mathtools\empheq.st
y
Package: empheq 2017/03/31 v2.15 Emphasizing equations

(C:\Users\giuse\AppData\Local\Programs\MiKTeX 2.9\tex/latex/mathtools\mhsetup.s
ty
Package: mhsetup 2017/03/31 v1.3 programming setup (MH)
)
(C:\Users\giuse\AppData\Local\Programs\MiKTeX 2.9\tex/latex/mathtools\mathtools
.sty
Package: mathtools 2020/03/24 v1.24 mathematical typesetting tools

(C:\Users\giuse\AppData\Local\Programs\MiKTeX 2.9\tex/latex/latex-tools\calc.st
y
Package: calc 2017/05/25 v4.3 Infix arithmetic (KKT,FJ)
\calc@Acount=\count315
\calc@Bcount=\count316
\calc@Adimen=\dimen174
\calc@Bdimen=\dimen175
\calc@Askip=\skip73
\calc@Bskip=\skip74
LaTeX Info: Redefining \setlength on input line 80.
LaTeX Info: Redefining \addtolength on input line 81.
\calc@Ccount=\count317
\calc@Cskip=\skip75
)
LaTeX Info: Thecontrolsequence`\('isalreadyrobust on input line 130.
LaTeX Info: Thecontrolsequence`\)'isalreadyrobust on input line 130.
LaTeX Info: Thecontrolsequence`\['isalreadyrobust on input line 130.
LaTeX Info: Thecontrolsequence`\]'isalreadyrobust on input line 130.
\g_MT_multlinerow_int=\count318
\l_MT_multwidth_dim=\dimen176
\origjot=\skip76
\l_MT_shortvdotswithinadjustabove_dim=\dimen177
\l_MT_shortvdotswithinadjustbelow_dim=\dimen178
\l_MT_above_intertext_sep=\dimen179
\l_MT_below_intertext_sep=\dimen180
\l_MT_above_shortintertext_sep=\dimen181
\l_MT_below_shortintertext_sep=\dimen182
\xmathstrut@box=\box57
\xmathstrut@dim=\dimen183
)
\l_EQ_equationtype_int=\count319
\l_EQ_alignmentmode_int=\count320
\l_EQ_totalwidth_dim=\dimen184
\l_EQ_displaywidth_dim=\dimen185
\l_EQ_temp_linewidth_dim=\dimen186
\l_EQ_linewidth_dim=\dimen187
\EmphEqdelimitershortfall=\dimen188
\EmphEqdelimiterfactor=\count321
\g_EQ_toptag_height_dim=\dimen189
\g_EQ_bottomtag_depth_dim=\dimen190
\g_EQ_toprow_height_dim=\dimen191
\g_EQ_bottomrow_depth_dim=\dimen192
\g_EQ_widesttag_dim=\dimen193
\EQ_mathdisplay_box=\box58
\EQ_tag_box=\box59
\g_EQ_temprow_int=\count322
)
\c@definition=\count323
\c@example=\count324
\c@corollary=\count325
\c@proposition=\count326
\c@lemma=\count327
\c@theorem=\count328
\c@remark=\count329
\c@assumption=\count330

(C:\Users\giuse\AppData\Local\Programs\MiKTeX 2.9\tex/latex/titlesec\titlesec.s
ty
Package: titlesec 2019/10/16 v2.13 Sectioning titles
\ttl@box=\box60
\beforetitleunit=\skip77
\aftertitleunit=\skip78
\ttl@plus=\dimen194
\ttl@minus=\dimen195
\ttl@toksa=\toks36
\titlewidth=\dimen196
\titlewidthlast=\dimen197
\titlewidthfirst=\dimen198
)
(C:\Users\giuse\AppData\Local\Programs\MiKTeX 2.9\tex/latex/l3backend\l3backend
-pdftex.def
File: l3backend-pdftex.def 2021-03-02 L3 backend support: PDF output (pdfTeX)
\l__color_backend_stack_int=\count331
\l__pdf_internal_box=\box61
) (response_TSG.aux

LaTeX Warning: Label `eq:x' multiply defined.

)
\openout1 = `response_TSG.aux'.

LaTeX Font Info:    Checking defaults for OML/cmm/m/it on input line 140.
LaTeX Font Info:    ... okay on input line 140.
LaTeX Font Info:    Checking defaults for OMS/cmsy/m/n on input line 140.
LaTeX Font Info:    ... okay on input line 140.
LaTeX Font Info:    Checking defaults for OT1/cmr/m/n on input line 140.
LaTeX Font Info:    ... okay on input line 140.
LaTeX Font Info:    Checking defaults for T1/cmr/m/n on input line 140.
LaTeX Font Info:    ... okay on input line 140.
LaTeX Font Info:    Checking defaults for TS1/cmr/m/n on input line 140.
LaTeX Font Info:    ... okay on input line 140.
LaTeX Font Info:    Checking defaults for OMX/cmex/m/n on input line 140.
LaTeX Font Info:    ... okay on input line 140.
LaTeX Font Info:    Checking defaults for U/cmr/m/n on input line 140.
LaTeX Font Info:    ... okay on input line 140.

*geometry* driver: auto-detecting
*geometry* detected driver: pdftex
*geometry* verbose mode - [ preamble ] result:
* driver: pdftex
* paper: letterpaper
* layout: <same size as paper>
* layoutoffset:(h,v)=(0.0pt,0.0pt)
* modes: 
* h-part:(L,W,R)=(85.35826pt, 443.57848pt, 85.35826pt)
* v-part:(T,H,B)=(56.9055pt, 681.15898pt, 56.9055pt)
* \paperwidth=614.295pt
* \paperheight=794.96999pt
* \textwidth=443.57848pt
* \textheight=681.15898pt
* \oddsidemargin=13.08827pt
* \evensidemargin=13.08827pt
* \topmargin=-52.36449pt
* \headheight=12.0pt
* \headsep=25.0pt
* \topskip=11.0pt
* \footskip=30.0pt
* \marginparwidth=59.0pt
* \marginparsep=10.0pt
* \columnsep=10.0pt
* \skip\footins=10.0pt plus 4.0pt minus 2.0pt
* \hoffset=0.0pt
* \voffset=0.0pt
* \mag=1000
* \@twocolumnfalse
* \@twosidefalse
* \@mparswitchfalse
* \@reversemarginfalse
* (1in=72.27pt=25.4mm, 1cm=28.453pt)


(C:\Users\giuse\AppData\Local\Programs\MiKTeX 2.9\tex/context/base/mkii\supp-pd
f.mkii
[Loading MPS to PDF converter (version 2006.09.02).]
\scratchcounter=\count332
\scratchdimen=\dimen199
\scratchbox=\box62
\nofMPsegments=\count333
\nofMParguments=\count334
\everyMPshowfont=\toks37
\MPscratchCnt=\count335
\MPscratchDim=\dimen256
\MPnumerator=\count336
\makeMPintoPDFobject=\count337
\everyMPtoPDFconversion=\toks38
)
(C:\Users\giuse\AppData\Local\Programs\MiKTeX 2.9\tex/latex/epstopdf-pkg\epstop
df-base.sty
Package: epstopdf-base 2020-01-24 v2.11 Base part for package epstopdf

(C:\Users\giuse\AppData\Roaming\MiKTeX\2.9\tex/generic/infwarerr\infwarerr.sty
Package: infwarerr 2019/12/03 v1.5 Providing info/warning/error messages (HO)
) (C:\Users\giuse\AppData\Roaming\MiKTeX\2.9\tex/latex/grfext\grfext.sty
Package: grfext 2019/12/03 v1.3 Manage graphics extensions (HO)

(C:\Users\giuse\AppData\Roaming\MiKTeX\2.9\tex/generic/kvdefinekeys\kvdefinekey
s.sty
Package: kvdefinekeys 2019-12-19 v1.6 Define keys (HO)
))
(C:\Users\giuse\AppData\Roaming\MiKTeX\2.9\tex/latex/kvoptions\kvoptions.sty
Package: kvoptions 2019/11/29 v3.13 Key value format for package options (HO)

(C:\Users\giuse\AppData\Roaming\MiKTeX\2.9\tex/generic/ltxcmds\ltxcmds.sty
Package: ltxcmds 2019/12/15 v1.24 LaTeX kernel commands for general use (HO)
)
(C:\Users\giuse\AppData\Roaming\MiKTeX\2.9\tex/generic/kvsetkeys\kvsetkeys.sty
Package: kvsetkeys 2019/12/15 v1.18 Key value parser (HO)
))
(C:\Users\giuse\AppData\Local\Programs\MiKTeX 2.9\tex/generic/pdftexcmds\pdftex
cmds.sty
Package: pdftexcmds 2020-06-27 v0.33 Utility functions of pdfTeX for LuaTeX (HO
)
Package pdftexcmds Info: \pdf@primitive is available.
Package pdftexcmds Info: \pdf@ifprimitive is available.
Package pdftexcmds Info: \pdfdraftmode found.
)
Package epstopdf-base Info: Redefining graphics rule for `.eps' on input line 4
85.
Package grfext Info: Graphics extension search list:
(grfext)             [.pdf,.png,.jpg,.mps,.jpeg,.jbig2,.jb2,.PDF,.PNG,.JPG,.JPE
G,.JBIG2,.JB2,.eps]
(grfext)             \AppendGraphicsExtensions on input line 504.
)
\Hy@linkcounter=\count338

Overfull \hbox (1.74104pt too wide) in paragraph at lines 149--153
\T1/ptm/b/n/10.95 Title: Operationally-Safe Peer-to-Peer En-ergy Trad-ing in Di
s-tri-bu-tion Grids: A Game-Theoretic
 []

[1
Non-PDF special ignored!
<special> header=psfrag.pro

{C:/Users/giuse/AppData/Local/MiKTeX/2.9/pdftex/config/pdftex.map}]
LaTeX Font Info:    Trying to load font information for U+msa on input line 185
.

(C:\Users\giuse\AppData\Local\Programs\MiKTeX 2.9\tex/latex/amsfonts\umsa.fd
File: umsa.fd 2013/01/14 v3.01 AMS symbols A
)
LaTeX Font Info:    Trying to load font information for U+msb on input line 185
.

(C:\Users\giuse\AppData\Local\Programs\MiKTeX 2.9\tex/latex/amsfonts\umsb.fd
File: umsb.fd 2013/01/14 v3.01 AMS symbols B
)
[2] [3] [4] [5] [6]
Package epstopdf Info: Source file: <figures/simB_0402_pt3_v1.eps>
(epstopdf)                    date: 2022-01-12 09:57:19
(epstopdf)                    size: 109178 bytes
(epstopdf)             Output file: <figures/simB_0402_pt3_v1-eps-converted-to.
pdf>
(epstopdf)                    date: 2022-01-12 09:57:19
(epstopdf)                    size: 48372 bytes
(epstopdf)             Command: <epstopdf --outfile=figures/simB_0402_pt3_v1-ep
s-converted-to.pdf figures/simB_0402_pt3_v1.eps>
(epstopdf)             \includegraphics on input line 323.
Package epstopdf Info: Output file is already uptodate.


pdfTeX warning: pdflatex (file ./figures/simB_0402_pt3_v1-eps-converted-to.pdf)
: PDF inclusion: found PDF version <1.7>, but at most version <1.5> allowed
<figures/simB_0402_pt3_v1-eps-converted-to.pdf, id=32, 562.1pt x 421.575pt>
File: figures/simB_0402_pt3_v1-eps-converted-to.pdf Graphic file (type pdf)
<use figures/simB_0402_pt3_v1-eps-converted-to.pdf>
Package pdftex.def Info: figures/simB_0402_pt3_v1-eps-converted-to.pdf  used on
 input line 323.
(pdftex.def)             Requested size: 310.50357pt x 232.87689pt.
Package epstopdf Info: Source file: <figures/simB_0402_pt1_v3.eps>
(epstopdf)                    date: 2022-01-10 17:41:52
(epstopdf)                    size: 170672 bytes
(epstopdf)             Output file: <figures/simB_0402_pt1_v3-eps-converted-to.
pdf>
(epstopdf)                    date: 2022-01-10 17:41:52
(epstopdf)                    size: 75383 bytes
(epstopdf)             Command: <epstopdf --outfile=figures/simB_0402_pt1_v3-ep
s-converted-to.pdf figures/simB_0402_pt1_v3.eps>
(epstopdf)             \includegraphics on input line 334.
Package epstopdf Info: Output file is already uptodate.


pdfTeX warning: pdflatex (file ./figures/simB_0402_pt1_v3-eps-converted-to.pdf)
: PDF inclusion: found PDF version <1.7>, but at most version <1.5> allowed
<figures/simB_0402_pt1_v3-eps-converted-to.pdf, id=33, 562.1pt x 421.575pt>
File: figures/simB_0402_pt1_v3-eps-converted-to.pdf Graphic file (type pdf)
<use figures/simB_0402_pt1_v3-eps-converted-to.pdf>
Package pdftex.def Info: figures/simB_0402_pt1_v3-eps-converted-to.pdf  used on
 input line 334.
(pdftex.def)             Requested size: 266.14978pt x 199.61336pt.

LaTeX Warning: `!h' float specifier changed to `!ht'.

[7 <./figures/simB_0402_pt3_v1-eps-converted-to.pdf>] [8 <./figures/simB_0402_p
t1_v3-eps-converted-to.pdf>] [9]

LaTeX Warning: Citation `atzeni2013noncooperative' on page 10 undefined on inpu
t line 456.


LaTeX Warning: Citation `atzeni2013noncooperative' on page 10 undefined on inpu
t line 456.

[10] (response_TSG.bbl [11]
Underfull \hbox (badness 2913) in paragraph at lines 29--33
\T1/ptm/m/n/10.95 gen-er-al-ized nash equi-lib-rium seek-ing in mono-tone ag-gr
ega-tive games.  \T1/ptm/m/it/10.95 arXiv preprint
 []

) [12] (response_TSG.aux)

LaTeX Warning: There were undefined references.


LaTeX Warning: There were multiply-defined labels.

 ) 
Here is how much of TeX's memory you used:
 8677 strings out of 479334
 126563 string characters out of 2855431
 490376 words of memory out of 3000000
 25907 multiletter control sequences out of 15000+200000
 429299 words of font info for 68 fonts, out of 3000000 for 9000
 1141 hyphenation exceptions out of 8191
 83i,16n,88p,1340b,288s stack positions out of 5000i,500n,10000p,200000b,50000s
{C:/Users/giuse/AppData/Local/Programs/MiKTeX 2.9/fonts/enc/dvips/base/8r.enc
}<C:/Users/giuse/AppData/Local/Programs/MiKTeX 2.9/fonts/type1/public/amsfonts/
cm/cmbx10.pfb><C:/Users/giuse/AppData/Local/Programs/MiKTeX 2.9/fonts/type1/pub
lic/amsfonts/cm/cmex10.pfb><C:/Users/giuse/AppData/Local/Programs/MiKTeX 2.9/fo
nts/type1/public/amsfonts/cm/cmmi10.pfb><C:/Users/giuse/AppData/Local/Programs/
MiKTeX 2.9/fonts/type1/public/amsfonts/cm/cmmi6.pfb><C:/Users/giuse/AppData/Loc
al/Programs/MiKTeX 2.9/fonts/type1/public/amsfonts/cm/cmmi8.pfb><C:/Users/giuse
/AppData/Local/Programs/MiKTeX 2.9/fonts/type1/public/amsfonts/cm/cmr10.pfb><C:
/Users/giuse/AppData/Local/Programs/MiKTeX 2.9/fonts/type1/public/amsfonts/cm/c
mr6.pfb><C:/Users/giuse/AppData/Local/Programs/MiKTeX 2.9/fonts/type1/public/am
sfonts/cm/cmr8.pfb><C:/Users/giuse/AppData/Local/Programs/MiKTeX 2.9/fonts/type
1/public/amsfonts/cm/cmsy10.pfb><C:/Users/giuse/AppData/Local/Programs/MiKTeX 2
.9/fonts/type1/public/amsfonts/cm/cmsy8.pfb><C:/Users/giuse/AppData/Local/Progr
ams/MiKTeX 2.9/fonts/type1/public/amsfonts/symbols/msam10.pfb><C:/Users/giuse/A
ppData/Local/Programs/MiKTeX 2.9/fonts/type1/public/amsfonts/symbols/msbm10.pfb
><C:/Users/giuse/AppData/Roaming/MiKTeX/2.9/fonts/type1/urw/times/utmb8a.pfb><C
:/Users/giuse/AppData/Roaming/MiKTeX/2.9/fonts/type1/urw/times/utmr8a.pfb><C:/U
sers/giuse/AppData/Roaming/MiKTeX/2.9/fonts/type1/urw/times/utmri8a.pfb>
Output written on response_TSG.pdf (12 pages, 330918 bytes).
PDF statistics:
 114 PDF objects out of 1000 (max. 8388607)
 0 named destinations out of 1000 (max. 500000)
 11 words of extra memory for PDF output out of 10000 (max. 10000000)

