This is pdfTeX, Version 3.14159265-2.6-1.40.21 (TeX Live 2020) (preloaded format=pdflatex 2020.7.20)  8 MAR 2022 11:24
entering extended mode
 restricted \write18 enabled.
 file:line:error style messages enabled.
 %&-line parsing enabled.
**journal_v16.tex
(./journal_v16.tex
LaTeX2e <2020-02-02> patch level 5
L3 programming layer <2020-03-06> (./IEEEtran.cls
Document Class: IEEEtran 2015/08/26 V1.8b by Michael Shell
-- See the "IEEEtran_HOWTO" manual for usage information.
-- http://www.michaelshell.org/tex/ieeetran/
\@IEEEtrantmpdimenA=\dimen134
\@IEEEtrantmpdimenB=\dimen135
\@IEEEtrantmpdimenC=\dimen136
\@IEEEtrantmpcountA=\count167
\@IEEEtrantmpcountB=\count168
\@IEEEtrantmpcountC=\count169
\@IEEEtrantmptoksA=\toks15
LaTeX Font Info:    Trying to load font information for OT1+ptm on input line 5
03.
(/usr/local/texlive/2020/texmf-dist/tex/latex/psnfss/ot1ptm.fd
File: ot1ptm.fd 2001/06/04 font definitions for OT1/ptm.
)
-- Using 8.5in x 11in (letter) paper.
-- Using PDF output.
\@IEEEnormalsizeunitybaselineskip=\dimen137
-- This is a 10 point document.
\CLASSINFOnormalsizebaselineskip=\dimen138
\CLASSINFOnormalsizeunitybaselineskip=\dimen139
\IEEEnormaljot=\dimen140
LaTeX Font Info:    Font shape `OT1/ptm/bx/n' in size <5> not available
(Font)              Font shape `OT1/ptm/b/n' tried instead on input line 1090.
LaTeX Font Info:    Font shape `OT1/ptm/bx/it' in size <5> not available
(Font)              Font shape `OT1/ptm/b/it' tried instead on input line 1090.

LaTeX Font Info:    Font shape `OT1/ptm/bx/n' in size <7> not available
(Font)              Font shape `OT1/ptm/b/n' tried instead on input line 1090.
LaTeX Font Info:    Font shape `OT1/ptm/bx/it' in size <7> not available
(Font)              Font shape `OT1/ptm/b/it' tried instead on input line 1090.

LaTeX Font Info:    Font shape `OT1/ptm/bx/n' in size <8> not available
(Font)              Font shape `OT1/ptm/b/n' tried instead on input line 1090.
LaTeX Font Info:    Font shape `OT1/ptm/bx/it' in size <8> not available
(Font)              Font shape `OT1/ptm/b/it' tried instead on input line 1090.

LaTeX Font Info:    Font shape `OT1/ptm/bx/n' in size <9> not available
(Font)              Font shape `OT1/ptm/b/n' tried instead on input line 1090.
LaTeX Font Info:    Font shape `OT1/ptm/bx/it' in size <9> not available
(Font)              Font shape `OT1/ptm/b/it' tried instead on input line 1090.

LaTeX Font Info:    Font shape `OT1/ptm/bx/n' in size <10> not available
(Font)              Font shape `OT1/ptm/b/n' tried instead on input line 1090.
LaTeX Font Info:    Font shape `OT1/ptm/bx/it' in size <10> not available
(Font)              Font shape `OT1/ptm/b/it' tried instead on input line 1090.

LaTeX Font Info:    Font shape `OT1/ptm/bx/n' in size <11> not available
(Font)              Font shape `OT1/ptm/b/n' tried instead on input line 1090.
LaTeX Font Info:    Font shape `OT1/ptm/bx/it' in size <11> not available
(Font)              Font shape `OT1/ptm/b/it' tried instead on input line 1090.

LaTeX Font Info:    Font shape `OT1/ptm/bx/n' in size <12> not available
(Font)              Font shape `OT1/ptm/b/n' tried instead on input line 1090.
LaTeX Font Info:    Font shape `OT1/ptm/bx/it' in size <12> not available
(Font)              Font shape `OT1/ptm/b/it' tried instead on input line 1090.

LaTeX Font Info:    Font shape `OT1/ptm/bx/n' in size <17> not available
(Font)              Font shape `OT1/ptm/b/n' tried instead on input line 1090.
LaTeX Font Info:    Font shape `OT1/ptm/bx/it' in size <17> not available
(Font)              Font shape `OT1/ptm/b/it' tried instead on input line 1090.

LaTeX Font Info:    Font shape `OT1/ptm/bx/n' in size <20> not available
(Font)              Font shape `OT1/ptm/b/n' tried instead on input line 1090.
LaTeX Font Info:    Font shape `OT1/ptm/bx/it' in size <20> not available
(Font)              Font shape `OT1/ptm/b/it' tried instead on input line 1090.

LaTeX Font Info:    Font shape `OT1/ptm/bx/n' in size <24> not available
(Font)              Font shape `OT1/ptm/b/n' tried instead on input line 1090.
LaTeX Font Info:    Font shape `OT1/ptm/bx/it' in size <24> not available
(Font)              Font shape `OT1/ptm/b/it' tried instead on input line 1090.

\IEEEquantizedlength=\dimen141
\IEEEquantizedlengthdiff=\dimen142
\IEEEquantizedtextheightdiff=\dimen143
\IEEEilabelindentA=\dimen144
\IEEEilabelindentB=\dimen145
\IEEEilabelindent=\dimen146
\IEEEelabelindent=\dimen147
\IEEEdlabelindent=\dimen148
\IEEElabelindent=\dimen149
\IEEEiednormlabelsep=\dimen150
\IEEEiedmathlabelsep=\dimen151
\IEEEiedtopsep=\skip47
\c@section=\count170
\c@subsection=\count171
\c@subsubsection=\count172
\c@paragraph=\count173
\c@IEEEsubequation=\count174
\abovecaptionskip=\skip48
\belowcaptionskip=\skip49
\c@figure=\count175
\c@table=\count176
\@IEEEeqnnumcols=\count177
\@IEEEeqncolcnt=\count178
\@IEEEsubeqnnumrollback=\count179
\@IEEEquantizeheightA=\dimen152
\@IEEEquantizeheightB=\dimen153
\@IEEEquantizeheightC=\dimen154
\@IEEEquantizeprevdepth=\dimen155
\@IEEEquantizemultiple=\count180
\@IEEEquantizeboxA=\box45
\@IEEEtmpitemindent=\dimen156
\IEEEPARstartletwidth=\dimen157
\c@IEEEbiography=\count181
\@IEEEtranrubishbin=\box46
) (/usr/local/texlive/2020/texmf-dist/tex/latex/amsfonts/amssymb.sty
Package: amssymb 2013/01/14 v3.01 AMS font symbols

(/usr/local/texlive/2020/texmf-dist/tex/latex/amsfonts/amsfonts.sty
Package: amsfonts 2013/01/14 v3.01 Basic AMSFonts support
\@emptytoks=\toks16
\symAMSa=\mathgroup4
\symAMSb=\mathgroup5
LaTeX Font Info:    Redeclaring math symbol \hbar on input line 98.
LaTeX Font Info:    Overwriting math alphabet `\mathfrak' in version `bold'
(Font)                  U/euf/m/n --> U/euf/b/n on input line 106.
))
(/usr/local/texlive/2020/texmf-dist/tex/latex/amsmath/amsmath.sty
Package: amsmath 2020/01/20 v2.17e AMS math features
\@mathmargin=\skip50

For additional information on amsmath, use the `?' option.
(/usr/local/texlive/2020/texmf-dist/tex/latex/amsmath/amstext.sty
Package: amstext 2000/06/29 v2.01 AMS text

(/usr/local/texlive/2020/texmf-dist/tex/latex/amsmath/amsgen.sty
File: amsgen.sty 1999/11/30 v2.0 generic functions
\@emptytoks=\toks17
\ex@=\dimen158
))
(/usr/local/texlive/2020/texmf-dist/tex/latex/amsmath/amsbsy.sty
Package: amsbsy 1999/11/29 v1.2d Bold Symbols
\pmbraise@=\dimen159
)
(/usr/local/texlive/2020/texmf-dist/tex/latex/amsmath/amsopn.sty
Package: amsopn 2016/03/08 v2.02 operator names
)
\inf@bad=\count182
LaTeX Info: Redefining \frac on input line 227.
\uproot@=\count183
\leftroot@=\count184
LaTeX Info: Redefining \overline on input line 389.
\classnum@=\count185
\DOTSCASE@=\count186
LaTeX Info: Redefining \ldots on input line 486.
LaTeX Info: Redefining \dots on input line 489.
LaTeX Info: Redefining \cdots on input line 610.
\Mathstrutbox@=\box47
\strutbox@=\box48
\big@size=\dimen160
LaTeX Font Info:    Redeclaring font encoding OML on input line 733.
LaTeX Font Info:    Redeclaring font encoding OMS on input line 734.
\macc@depth=\count187
\c@MaxMatrixCols=\count188
\dotsspace@=\muskip16
\c@parentequation=\count189
\dspbrk@lvl=\count190
\tag@help=\toks18
\row@=\count191
\column@=\count192
\maxfields@=\count193
\andhelp@=\toks19
\eqnshift@=\dimen161
\alignsep@=\dimen162
\tagshift@=\dimen163
\tagwidth@=\dimen164
\totwidth@=\dimen165
\lineht@=\dimen166
\@envbody=\toks20
\multlinegap=\skip51
\multlinetaggap=\skip52
\mathdisplay@stack=\toks21
LaTeX Info: Redefining \[ on input line 2859.
LaTeX Info: Redefining \] on input line 2860.
)
(/usr/local/texlive/2020/texmf-dist/tex/latex/amscls/amsthm.sty
Package: amsthm 2017/10/31 v2.20.4
\thm@style=\toks22
\thm@bodyfont=\toks23
\thm@headfont=\toks24
\thm@notefont=\toks25
\thm@headpunct=\toks26
\thm@preskip=\skip53
\thm@postskip=\skip54
\thm@headsep=\skip55
\dth@everypar=\toks27
)
(/usr/local/texlive/2020/texmf-dist/tex/latex/graphics/graphicx.sty
Package: graphicx 2019/11/30 v1.2a Enhanced LaTeX Graphics (DPC,SPQR)

(/usr/local/texlive/2020/texmf-dist/tex/latex/graphics/keyval.sty
Package: keyval 2014/10/28 v1.15 key=value parser (DPC)
\KV@toks@=\toks28
)
(/usr/local/texlive/2020/texmf-dist/tex/latex/graphics/graphics.sty
Package: graphics 2019/11/30 v1.4a Standard LaTeX Graphics (DPC,SPQR)

(/usr/local/texlive/2020/texmf-dist/tex/latex/graphics/trig.sty
Package: trig 2016/01/03 v1.10 sin cos tan (DPC)
)
(/usr/local/texlive/2020/texmf-dist/tex/latex/graphics-cfg/graphics.cfg
File: graphics.cfg 2016/06/04 v1.11 sample graphics configuration
)
Package graphics Info: Driver file: pdftex.def on input line 105.

(/usr/local/texlive/2020/texmf-dist/tex/latex/graphics-def/pdftex.def
File: pdftex.def 2018/01/08 v1.0l Graphics/color driver for pdftex
))
\Gin@req@height=\dimen167
\Gin@req@width=\dimen168
)
(/usr/local/texlive/2020/texmf-dist/tex/latex/comment/comment.sty
\CommentStream=\write3

Excluding comment 'comment')
(/usr/local/texlive/2020/texmf-dist/tex/latex/booktabs/booktabs.sty
Package: booktabs 2020/01/12 v1.61803398 Publication quality tables
\heavyrulewidth=\dimen169
\lightrulewidth=\dimen170
\cmidrulewidth=\dimen171
\belowrulesep=\dimen172
\belowbottomsep=\dimen173
\aboverulesep=\dimen174
\abovetopsep=\dimen175
\cmidrulesep=\dimen176
\cmidrulekern=\dimen177
\defaultaddspace=\dimen178
\@cmidla=\count194
\@cmidlb=\count195
\@aboverulesep=\dimen179
\@belowrulesep=\dimen180
\@thisruleclass=\count196
\@lastruleclass=\count197
\@thisrulewidth=\dimen181
)
(/usr/local/texlive/2020/texmf-dist/tex/latex/preprint/balance.sty
Package: balance 1999/02/23 4.3 (PWD)
\oldvsize=\dimen182
)
(/usr/local/texlive/2020/texmf-dist/tex/latex/tools/bm.sty
Package: bm 2019/07/24 v1.2d Bold Symbol Support (DPC/FMi)
\symboldoperators=\mathgroup6
\symboldletters=\mathgroup7
\symboldsymbols=\mathgroup8
LaTeX Font Info:    Redeclaring math alphabet \mathbf on input line 141.
LaTeX Info: Redefining \bm on input line 209.
)
(/usr/local/texlive/2020/texmf-dist/tex/latex/wasysym/wasysym.sty
Package: wasysym 2020/01/19 v2.4 Wasy-2 symbol support package
\symwasy=\mathgroup9
LaTeX Font Info:    Overwriting symbol font `wasy' in version `bold'
(Font)                  U/wasy/m/n --> U/wasy/b/n on input line 93.
)
(/usr/local/texlive/2020/texmf-dist/tex/latex/float/float.sty
Package: float 2001/11/08 v1.3d Float enhancements (AL)
\c@float@type=\count198
\float@exts=\toks29
\float@box=\box49
\@float@everytoks=\toks30
\@floatcapt=\box50
)
(/usr/local/texlive/2020/texmf-dist/tex/latex/graphics/color.sty
Package: color 2019/11/23 v1.2a Standard LaTeX Color (DPC)

(/usr/local/texlive/2020/texmf-dist/tex/latex/graphics-cfg/color.cfg
File: color.cfg 2016/01/02 v1.6 sample color configuration
)
Package color Info: Driver file: pdftex.def on input line 147.
)
(/usr/local/texlive/2020/texmf-dist/tex/latex/doublestroke/dsfont.sty
Package: dsfont 1995/08/01 v0.1 Double stroke roman fonts
)
(/usr/local/texlive/2020/texmf-dist/tex/latex/algorithms/algorithm.sty
Package: algorithm 2009/08/24 v0.1 Document Style `algorithm' - floating enviro
nment

(/usr/local/texlive/2020/texmf-dist/tex/latex/base/ifthen.sty
Package: ifthen 2014/09/29 v1.1c Standard LaTeX ifthen package (DPC)
)
\@float@every@algorithm=\toks31
\c@algorithm=\count199
)
(/usr/local/texlive/2020/texmf-dist/tex/latex/algorithmicx/algorithmicx.sty
Package: algorithmicx 2005/04/27 v1.2 Algorithmicx

Document Style algorithmicx 1.2 - a greatly improved `algorithmic' style
\c@ALG@line=\count266
\c@ALG@rem=\count267
\c@ALG@nested=\count268
\ALG@tlm=\skip56
\ALG@thistlm=\skip57
\c@ALG@Lnr=\count269
\c@ALG@blocknr=\count270
\c@ALG@storecount=\count271
\c@ALG@tmpcounter=\count272
\ALG@tmplength=\skip58
) (/usr/local/texlive/2020/texmf-dist/tex/latex/algorithmicx/algpseudocode.sty
Package: algpseudocode 

Document Style - pseudocode environments for use with the `algorithmicx' style
) (/usr/local/texlive/2020/texmf-dist/tex/latex/epstopdf-pkg/epstopdf.sty
Package: epstopdf 2020-01-24 v2.11 Conversion with epstopdf on the fly (HO)

(/usr/local/texlive/2020/texmf-dist/tex/generic/infwarerr/infwarerr.sty
Package: infwarerr 2019/12/03 v1.5 Providing info/warning/error messages (HO)
)
(/usr/local/texlive/2020/texmf-dist/tex/latex/grfext/grfext.sty
Package: grfext 2019/12/03 v1.3 Manage graphics extensions (HO)

(/usr/local/texlive/2020/texmf-dist/tex/generic/kvdefinekeys/kvdefinekeys.sty
Package: kvdefinekeys 2019-12-19 v1.6 Define keys (HO)
)) (/usr/local/texlive/2020/texmf-dist/tex/latex/kvoptions/kvoptions.sty
Package: kvoptions 2019/11/29 v3.13 Key value format for package options (HO)

(/usr/local/texlive/2020/texmf-dist/tex/generic/ltxcmds/ltxcmds.sty
Package: ltxcmds 2019/12/15 v1.24 LaTeX kernel commands for general use (HO)
)
(/usr/local/texlive/2020/texmf-dist/tex/generic/kvsetkeys/kvsetkeys.sty
Package: kvsetkeys 2019/12/15 v1.18 Key value parser (HO)
))
(/usr/local/texlive/2020/texmf-dist/tex/latex/pdftexcmds/pdftexcmds.sty
Package: pdftexcmds 2019/11/24 v0.31 Utility functions of pdfTeX for LuaTeX (HO
)

(/usr/local/texlive/2020/texmf-dist/tex/generic/iftex/iftex.sty
Package: iftex 2020/03/06 v1.0d TeX engine tests
)
Package pdftexcmds Info: \pdf@primitive is available.
Package pdftexcmds Info: \pdf@ifprimitive is available.
Package pdftexcmds Info: \pdfdraftmode found.
)
(/usr/local/texlive/2020/texmf-dist/tex/latex/epstopdf-pkg/epstopdf-base.sty
Package: epstopdf-base 2020-01-24 v2.11 Base part for package epstopdf
Package epstopdf-base Info: Redefining graphics rule for `.eps' on input line 4
85.
Package grfext Info: Graphics extension search list:
(grfext)             [.pdf,.png,.jpg,.mps,.jpeg,.jbig2,.jb2,.PDF,.PNG,.JPG,.JPE
G,.JBIG2,.JB2,.eps]
(grfext)             \AppendGraphicsExtensions on input line 504.

(/usr/local/texlive/2020/texmf-dist/tex/latex/latexconfig/epstopdf-sys.cfg
File: epstopdf-sys.cfg 2010/07/13 v1.3 Configuration of (r)epstopdf for TeX Liv
e
)))
(/usr/local/texlive/2020/texmf-dist/tex/latex/tools/tabularx.sty
Package: tabularx 2020/01/15 v2.11c `tabularx' package (DPC)

(/usr/local/texlive/2020/texmf-dist/tex/latex/tools/array.sty
Package: array 2019/08/31 v2.4l Tabular extension package (FMi)
\col@sep=\dimen183
\ar@mcellbox=\box51
\extrarowheight=\dimen184
\NC@list=\toks32
\extratabsurround=\skip59
\backup@length=\skip60
\ar@cellbox=\box52
)
\TX@col@width=\dimen185
\TX@old@table=\dimen186
\TX@old@col=\dimen187
\TX@target=\dimen188
\TX@delta=\dimen189
\TX@cols=\count273
\TX@ftn=\toks33
)
(/usr/local/texlive/2020/texmf-dist/tex/latex/cite/cite.sty
LaTeX Info: Redefining \cite on input line 302.
LaTeX Info: Redefining \nocite on input line 332.
Package: cite 2015/02/27  v 5.5
)
(/usr/local/texlive/2020/texmf-dist/tex/latex/tools/enumerate.sty
Package: enumerate 2015/07/23 v3.00 enumerate extensions (DPC)
\@enLab=\toks34
)
(/usr/local/texlive/2020/texmf-dist/tex/latex/mathtools/empheq.sty
Package: empheq 2017/03/31 v2.15 Emphasizing equations

(/usr/local/texlive/2020/texmf-dist/tex/latex/mathtools/mhsetup.sty
Package: mhsetup 2017/03/31 v1.3 programming setup (MH)
)
(/usr/local/texlive/2020/texmf-dist/tex/latex/mathtools/mathtools.sty
Package: mathtools 2020/03/24 v1.24 mathematical typesetting tools

(/usr/local/texlive/2020/texmf-dist/tex/latex/tools/calc.sty
Package: calc 2017/05/25 v4.3 Infix arithmetic (KKT,FJ)
\calc@Acount=\count274
\calc@Bcount=\count275
\calc@Adimen=\dimen190
\calc@Bdimen=\dimen191
\calc@Askip=\skip61
\calc@Bskip=\skip62
LaTeX Info: Redefining \setlength on input line 80.
LaTeX Info: Redefining \addtolength on input line 81.
\calc@Ccount=\count276
\calc@Cskip=\skip63
)
LaTeX Info: Thecontrolsequence`\('isalreadyrobust on input line 130.
LaTeX Info: Thecontrolsequence`\)'isalreadyrobust on input line 130.
LaTeX Info: Thecontrolsequence`\['isalreadyrobust on input line 130.
LaTeX Info: Thecontrolsequence`\]'isalreadyrobust on input line 130.
\g_MT_multlinerow_int=\count277
\l_MT_multwidth_dim=\dimen192
\origjot=\skip64
\l_MT_shortvdotswithinadjustabove_dim=\dimen193
\l_MT_shortvdotswithinadjustbelow_dim=\dimen194
\l_MT_above_intertext_sep=\dimen195
\l_MT_below_intertext_sep=\dimen196
\l_MT_above_shortintertext_sep=\dimen197
\l_MT_below_shortintertext_sep=\dimen198
\xmathstrut@box=\box53
\xmathstrut@dim=\dimen199
)
\l_EQ_equationtype_int=\count278
\l_EQ_alignmentmode_int=\count279
\l_EQ_totalwidth_dim=\dimen256
\l_EQ_displaywidth_dim=\dimen257
\l_EQ_temp_linewidth_dim=\dimen258
\l_EQ_linewidth_dim=\dimen259
\EmphEqdelimitershortfall=\dimen260
\EmphEqdelimiterfactor=\count280
\g_EQ_toptag_height_dim=\dimen261
\g_EQ_bottomtag_depth_dim=\dimen262
\g_EQ_toprow_height_dim=\dimen263
\g_EQ_bottomrow_depth_dim=\dimen264
\g_EQ_widesttag_dim=\dimen265
\EQ_mathdisplay_box=\box54
\EQ_tag_box=\box55
\g_EQ_temprow_int=\count281
)
(/usr/local/texlive/2020/texmf-dist/tex/latex/caption/subcaption.sty
Package: subcaption 2020/01/22 v1.3d Sub-captions (AR)

(/usr/local/texlive/2020/texmf-dist/tex/latex/caption/caption.sty
Package: caption 2020/01/03 v3.4h Customizing captions (AR)

(/usr/local/texlive/2020/texmf-dist/tex/latex/caption/caption3.sty
Package: caption3 2020/01/03 v1.8h caption3 kernel (AR)
Package caption3 Info: TeX engine: e-TeX on input line 61.
\captionmargin=\dimen266
\captionmargin@=\dimen267
\captionwidth=\dimen268
\caption@tempdima=\dimen269
\caption@indent=\dimen270
\caption@parindent=\dimen271
\caption@hangindent=\dimen272
Package caption Info: Unknown document class (or package),
(caption)             standard defaults will be used.
Package caption Info: \@makecaption = \long macro:#1#2->\ifx \@captype \@IEEEta
blestring \footnotesize \bgroup \par \centering \@IEEEtabletopskipstrut {\norma
lfont \footnotesize #1}\\{\normalfont \footnotesize \scshape #2}\par \addvspace
 {0.5\baselineskip }\egroup \@IEEEtablecaptionsepspace \else \@IEEEfigurecaptio
nsepspace \setbox \@tempboxa \hbox {\normalfont \footnotesize {#1.}\nobreakspac
e \nobreakspace #2}\ifdim \wd \@tempboxa >\hsize \setbox \@tempboxa \hbox {\nor
malfont \footnotesize {#1.}\nobreakspace \nobreakspace }\parbox [t]{\hsize }{\n
ormalfont \footnotesize \noindent \unhbox \@tempboxa #2}\else \ifCLASSOPTIONcon
ference \hbox to\hsize {\normalfont \footnotesize \hfil \box \@tempboxa \hfil }
\else \hbox to\hsize {\normalfont \footnotesize \box \@tempboxa \hfil }\fi \fi 
\fi  on input line 1082.
)

Package caption Warning: Unknown document class (or package),
(caption)                standard defaults will be used.
See the caption package documentation for explanation.

\c@caption@flags=\count282
\c@continuedfloat=\count283
Package caption Info: float package is loaded.
)
\c@subfigure=\count284
\c@subtable=\count285
) (/usr/local/texlive/2020/texmf-dist/tex/latex/eurosym/eurosym.sty
Package: eurosym 1998/08/06 v1.1 European currency symbol ``Euro''
\@eurobox=\box56
)
(/usr/local/texlive/2020/texmf-dist/tex/latex/marginnote/marginnote.sty
Package: marginnote 2018/08/09 v1.4b non floating margin notes for LaTeX
\c@mn@abspage=\count286
)
\c@theorem=\count287
\c@proposition=\count288
\c@property=\count289
\c@definition=\count290
\c@corollary=\count291
\c@remark=\count292
\c@assumption=\count293
\c@lemma=\count294

(/usr/local/texlive/2020/texmf-dist/tex/latex/l3backend/l3backend-pdfmode.def
File: l3backend-pdfmode.def 2020-03-12 L3 backend support: PDF mode
\l__kernel_color_stack_int=\count295
\l__pdf_internal_box=\box57
)
(./journal_v16.aux)
\openout1 = `journal_v16.aux'.

LaTeX Font Info:    Checking defaults for OML/cmm/m/it on input line 131.
LaTeX Font Info:    ... okay on input line 131.
LaTeX Font Info:    Checking defaults for OMS/cmsy/m/n on input line 131.
LaTeX Font Info:    ... okay on input line 131.
LaTeX Font Info:    Checking defaults for OT1/cmr/m/n on input line 131.
LaTeX Font Info:    ... okay on input line 131.
LaTeX Font Info:    Checking defaults for T1/cmr/m/n on input line 131.
LaTeX Font Info:    ... okay on input line 131.
LaTeX Font Info:    Checking defaults for TS1/cmr/m/n on input line 131.
LaTeX Font Info:    ... okay on input line 131.
LaTeX Font Info:    Checking defaults for OMX/cmex/m/n on input line 131.
LaTeX Font Info:    ... okay on input line 131.
LaTeX Font Info:    Checking defaults for U/cmr/m/n on input line 131.
LaTeX Font Info:    ... okay on input line 131.

-- Lines per column: 58 (exact).
(/usr/local/texlive/2020/texmf-dist/tex/context/base/mkii/supp-pdf.mkii
[Loading MPS to PDF converter (version 2006.09.02).]
\scratchcounter=\count296
\scratchdimen=\dimen273
\scratchbox=\box58
\nofMPsegments=\count297
\nofMParguments=\count298
\everyMPshowfont=\toks35
\MPscratchCnt=\count299
\MPscratchDim=\dimen274
\MPnumerator=\count300
\makeMPintoPDFobject=\count301
\everyMPtoPDFconversion=\toks36
)
\Hy@linkcounter=\count302
Package caption Info: Begin \AtBeginDocument code.
Package caption Info: End \AtBeginDocument code.
LaTeX Font Info:    Trying to load font information for OT1+pcr on input line 1
33.
 (/usr/local/texlive/2020/texmf-dist/tex/latex/psnfss/ot1pcr.fd
File: ot1pcr.fd 2001/06/04 font definitions for OT1/pcr.
)
LaTeX Font Info:    Trying to load font information for OMS+pcr on input line 1
33.

(/usr/local/texlive/2020/texmf-dist/tex/latex/psnfss/omspcr.fd
File: omspcr.fd 
)
LaTeX Font Info:    Font shape `OMS/pcr/m/n' in size <8> not available
(Font)              Font shape `OMS/cmsy/m/n' tried instead on input line 133.

Underfull \hbox (badness 6708) in paragraph at lines 133--133
[][][]\OT1/ptm/m/n/8 G. Bel-gioioso is with the Au-to-matic Con-trol Lab-o-ra-t
ory, ETH
 []


Underfull \hbox (badness 10000) in paragraph at lines 133--133
\OT1/ptm/m/n/8 Zurich, Switzer-land. W. Anan-duta and S. Gram-matico are with
 []


Underfull \hbox (badness 2409) in paragraph at lines 133--133
\OT1/ptm/m/n/8 the Delft Cen-ter for Sys-tems and Con-trol (DCSC), TU Delft, Th
e
 []


Underfull \hbox (badness 10000) in paragraph at lines 133--133
\OT1/ptm/m/n/8 Nether-lands. C. Ocampo-Martinez is with the Au-to-matic Con-tro
l
 []


Underfull \hbox (badness 2401) in paragraph at lines 133--133
\OT1/ptm/m/n/8 P2P-TALES (grant n. 647.003.003), the ERC un-der re-search proje
ct
 []

LaTeX Font Info:    Trying to load font information for U+msa on input line 156
.
(/usr/local/texlive/2020/texmf-dist/tex/latex/amsfonts/umsa.fd
File: umsa.fd 2013/01/14 v3.01 AMS symbols A
)
LaTeX Font Info:    Trying to load font information for U+msb on input line 156
.

(/usr/local/texlive/2020/texmf-dist/tex/latex/amsfonts/umsb.fd
File: umsb.fd 2013/01/14 v3.01 AMS symbols B
)
LaTeX Font Info:    Trying to load font information for U+wasy on input line 15
6.

(/usr/local/texlive/2020/texmf-dist/tex/latex/wasysym/uwasy.fd
File: uwasy.fd 2020/01/19 v2.4 Wasy-2 symbol font definitions
)

LaTeX Warning: `!h' float specifier changed to `!ht'.

[1{/usr/local/texlive/2020/texmf-var/fonts/map/pdftex/updmap/pdftex.map}


]
LaTeX Font Info:    Trying to load font information for TS1+ptm on input line 2
88.

(/usr/local/texlive/2020/texmf-dist/tex/latex/psnfss/ts1ptm.fd
File: ts1ptm.fd 2001/06/04 font definitions for TS1/ptm.
) [2]
<figures/37bus_sys_f1.pdf, id=31, 268.45895pt x 168.3319pt>
File: figures/37bus_sys_f1.pdf Graphic file (type pdf)
<use figures/37bus_sys_f1.pdf>
Package pdftex.def Info: figures/37bus_sys_f1.pdf  used on input line 331.
(pdftex.def)             Requested size: 239.39923pt x 150.11284pt.


LaTeX Font Warning: Font shape `U/wasy/b/n' in size <7> not available
(Font)              Font shape `U/wasy/m/n' tried instead on input line 377.


LaTeX Font Warning: Font shape `U/wasy/b/n' in size <5> not available
(Font)              Font shape `U/wasy/m/n' tried instead on input line 377.

[3 <./figures/37bus_sys_f1.pdf>] [4]
Overfull \hbox (15.93622pt too wide) detected at line 594
\OML/cmm/m/it/10 u[]  \OT1/cmr/m/n/10 =  []
 []

[5]
Overfull \hbox (2.43643pt too wide) detected at line 747
[]
 []


Overfull \hbox (2.43643pt too wide) in paragraph at lines 682--751
[]$[]$ 
 []

<figures/37bus_sys_f8_v2.pdf, id=82, 225.39307pt x 375.89835pt>
File: figures/37bus_sys_f8_v2.pdf Graphic file (type pdf)
<use figures/37bus_sys_f8_v2.pdf>
Package pdftex.def Info: figures/37bus_sys_f8_v2.pdf  used on input line 755.
(pdftex.def)             Requested size: 185.76031pt x 309.79875pt.

LaTeX Warning: Text page 6 contains only floats.


Overfull \vbox (6.95271pt too high) has occurred while \output is active []


[6 <./figures/37bus_sys_f8_v2.pdf>]
Overfull \hbox (15.52422pt too wide) in paragraph at lines 1033--1053
|  $[]$ 
 []


Overfull \hbox (6.33354pt too wide) in paragraph at lines 1112--1128
|  $[]$ 
 []


Overfull \hbox (7.78357pt too wide) in paragraph at lines 1130--1177
|  $[]$ 
 []

[7]
Package epstopdf Info: Source file: <figures/simD_safe1.eps>
(epstopdf)                    date: 2021-03-19 15:28:24
(epstopdf)                    size: 31896 bytes
(epstopdf)             Output file: <figures/simD_safe1-eps-converted-to.pdf>
(epstopdf)                    date: 2022-03-08 11:23:52
(epstopdf)                    size: 5657 bytes
(epstopdf)             Command: <repstopdf --outfile=figures/simD_safe1-eps-con
verted-to.pdf figures/simD_safe1.eps>
(epstopdf)             \includegraphics on input line 1223.
Package epstopdf Info: Output file is already uptodate.
<figures/simD_safe1-eps-converted-to.pdf, id=149, 128.48pt x 165.61874pt>
File: figures/simD_safe1-eps-converted-to.pdf Graphic file (type pdf)
<use figures/simD_safe1-eps-converted-to.pdf>
Package pdftex.def Info: figures/simD_safe1-eps-converted-to.pdf  used on input
 line 1223.
(pdftex.def)             Requested size: 118.20107pt x 152.36856pt.
Package epstopdf Info: Source file: <figures/simD_fail2.eps>
(epstopdf)                    date: 2022-01-11 17:07:12
(epstopdf)                    size: 3278208 bytes
(epstopdf)             Output file: <figures/simD_fail2-eps-converted-to.pdf>
(epstopdf)                    date: 2022-03-08 11:23:53
(epstopdf)                    size: 32792 bytes
(epstopdf)             Command: <repstopdf --outfile=figures/simD_fail2-eps-con
verted-to.pdf figures/simD_fail2.eps>
(epstopdf)             \includegraphics on input line 1229.
Package epstopdf Info: Output file is already uptodate.
<figures/simD_fail2-eps-converted-to.pdf, id=150, 127.47626pt x 164.615pt>
File: figures/simD_fail2-eps-converted-to.pdf Graphic file (type pdf)
<use figures/simD_fail2-eps-converted-to.pdf>
Package pdftex.def Info: figures/simD_fail2-eps-converted-to.pdf  used on input
 line 1229.
(pdftex.def)             Requested size: 117.27762pt x 151.44511pt.

Overfull \hbox (10.59991pt too wide) in paragraph at lines 1221--1232
 [][]  [] 
 []

Package epstopdf Info: Source file: <figures/b0b.eps>
(epstopdf)                    date: 2022-03-05 06:07:56
(epstopdf)                    size: 56075 bytes
(epstopdf)             Output file: <figures/b0b-eps-converted-to.pdf>
(epstopdf)                    date: 2022-03-08 11:23:53
(epstopdf)                    size: 27335 bytes
(epstopdf)             Command: <repstopdf --outfile=figures/b0b-eps-converted-
to.pdf figures/b0b.eps>
(epstopdf)             \includegraphics on input line 1244.
Package epstopdf Info: Output file is already uptodate.
<figures/b0b-eps-converted-to.pdf, id=151, 564.1075pt x 282.05376pt>
File: figures/b0b-eps-converted-to.pdf Graphic file (type pdf)
<use figures/b0b-eps-converted-to.pdf>
Package pdftex.def Info: figures/b0b-eps-converted-to.pdf  used on input line 1
244.
(pdftex.def)             Requested size: 231.83954pt x 115.91821pt.
Package epstopdf Info: Source file: <figures/b1b.eps>
(epstopdf)                    date: 2022-03-05 06:05:01
(epstopdf)                    size: 68961 bytes
(epstopdf)             Output file: <figures/b1b-eps-converted-to.pdf>
(epstopdf)                    date: 2022-03-08 11:23:54
(epstopdf)                    size: 36932 bytes
(epstopdf)             Command: <repstopdf --outfile=figures/b1b-eps-converted-
to.pdf figures/b1b.eps>
(epstopdf)             \includegraphics on input line 1252.
Package epstopdf Info: Output file is already uptodate.
<figures/b1b-eps-converted-to.pdf, id=152, 488.82625pt x 256.96pt>
File: figures/b1b-eps-converted-to.pdf Graphic file (type pdf)
<use figures/b1b-eps-converted-to.pdf>
Package pdftex.def Info: figures/b1b-eps-converted-to.pdf  used on input line 1
252.
(pdftex.def)             Requested size: 231.83954pt x 121.87297pt.
Package epstopdf Info: Source file: <figures/b2b.eps>
(epstopdf)                    date: 2022-03-05 06:05:59
(epstopdf)                    size: 62946 bytes
(epstopdf)             Output file: <figures/b2b-eps-converted-to.pdf>
(epstopdf)                    date: 2022-03-08 11:23:54
(epstopdf)                    size: 34818 bytes
(epstopdf)             Command: <repstopdf --outfile=figures/b2b-eps-converted-
to.pdf figures/b2b.eps>
(epstopdf)             \includegraphics on input line 1260.
Package epstopdf Info: Output file is already uptodate.
<figures/b2b-eps-converted-to.pdf, id=153, 487.8225pt x 255.95625pt>
File: figures/b2b-eps-converted-to.pdf Graphic file (type pdf)
<use figures/b2b-eps-converted-to.pdf>
Package pdftex.def Info: figures/b2b-eps-converted-to.pdf  used on input line 1
260.
(pdftex.def)             Requested size: 231.83954pt x 121.64296pt.
[8 <./figures/simD_safe1-eps-converted-to.pdf> <./figures/simD_fail2-eps-conver
ted-to.pdf> <./figures/b0b-eps-converted-to.pdf> <./figures/b1b-eps-converted-t
o.pdf> <./figures/b2b-eps-converted-to.pdf>]
Package epstopdf Info: Source file: <figures/simB_0402_pt1_v3b.eps>
(epstopdf)                    date: 2022-03-05 06:16:10
(epstopdf)                    size: 175823 bytes
(epstopdf)             Output file: <figures/simB_0402_pt1_v3b-eps-converted-to
.pdf>
(epstopdf)                    date: 2022-03-08 11:23:55
(epstopdf)                    size: 97150 bytes
(epstopdf)             Command: <repstopdf --outfile=figures/simB_0402_pt1_v3b-
eps-converted-to.pdf figures/simB_0402_pt1_v3b.eps>
(epstopdf)             \includegraphics on input line 1282.
Package epstopdf Info: Output file is already uptodate.
<figures/simB_0402_pt1_v3b-eps-converted-to.pdf, id=186, 562.1pt x 536.0025pt>
File: figures/simB_0402_pt1_v3b-eps-converted-to.pdf Graphic file (type pdf)
<use figures/simB_0402_pt1_v3b-eps-converted-to.pdf>
Package pdftex.def Info: figures/simB_0402_pt1_v3b-eps-converted-to.pdf  used o
n input line 1282.
(pdftex.def)             Requested size: 201.60077pt x 192.24101pt.
Package epstopdf Info: Source file: <figures/simB_0402_pt2_v4b.eps>
(epstopdf)                    date: 2022-03-05 06:19:11
(epstopdf)                    size: 59814 bytes
(epstopdf)             Output file: <figures/simB_0402_pt2_v4b-eps-converted-to
.pdf>
(epstopdf)                    date: 2022-03-08 11:23:55
(epstopdf)                    size: 33286 bytes
(epstopdf)             Command: <repstopdf --outfile=figures/simB_0402_pt2_v4b-
eps-converted-to.pdf figures/simB_0402_pt2_v4b.eps>
(epstopdf)             \includegraphics on input line 1289.
Package epstopdf Info: Output file is already uptodate.
<figures/simB_0402_pt2_v4b-eps-converted-to.pdf, id=187, 562.1pt x 209.78375pt>

File: figures/simB_0402_pt2_v4b-eps-converted-to.pdf Graphic file (type pdf)
<use figures/simB_0402_pt2_v4b-eps-converted-to.pdf>
Package pdftex.def Info: figures/simB_0402_pt2_v4b-eps-converted-to.pdf  used o
n input line 1289.
(pdftex.def)             Requested size: 231.83954pt x 86.52405pt.
Package epstopdf Info: Source file: <figures/simB_0402_pt3_v2b.eps>
(epstopdf)                    date: 2022-03-05 06:20:43
(epstopdf)                    size: 121785 bytes
(epstopdf)             Output file: <figures/simB_0402_pt3_v2b-eps-converted-to
.pdf>
(epstopdf)                    date: 2022-03-08 11:23:56
(epstopdf)                    size: 72630 bytes
(epstopdf)             Command: <repstopdf --outfile=figures/simB_0402_pt3_v2b-
eps-converted-to.pdf figures/simB_0402_pt3_v2b.eps>
(epstopdf)             \includegraphics on input line 1297.
Package epstopdf Info: Output file is already uptodate.
<figures/simB_0402_pt3_v2b-eps-converted-to.pdf, id=188, 562.1pt x 421.575pt>
File: figures/simB_0402_pt3_v2b-eps-converted-to.pdf Graphic file (type pdf)
<use figures/simB_0402_pt3_v2b-eps-converted-to.pdf>
Package pdftex.def Info: figures/simB_0402_pt3_v2b-eps-converted-to.pdf  used o
n input line 1297.
(pdftex.def)             Requested size: 231.83954pt x 173.8761pt.


pdfTeX warning: /Library/TeX/texbin/pdflatex (file ./figures/simEF3_GB2.pdf): P
DF inclusion: found PDF version <1.6>, but at most version <1.5> allowed
<figures/simEF3_GB2.pdf, id=189, 385.00076pt x 303.97063pt>
File: figures/simEF3_GB2.pdf Graphic file (type pdf)
<use figures/simEF3_GB2.pdf>
Package pdftex.def Info: figures/simEF3_GB2.pdf  used on input line 1311.
(pdftex.def)             Requested size: 226.79846pt x 179.06746pt.

Underfull \vbox (badness 4805) has occurred while \output is active []

 [9 <./figures/simB_0402_pt1_v3b-eps-converted-to.pdf> <./figures/simB_0402_pt2
_v4b-eps-converted-to.pdf> <./figures/simB_0402_pt3_v2b-eps-converted-to.pdf> <
./figures/simEF3_GB2.pdf>] (./journal_v16.bbl
Underfull \hbox (badness 4353) in paragraph at lines 137--141
[]\OT1/ptm/m/n/8 F. Moret, A. Tosatto, T. Baroche, and P. Pin-son, ``Loss al-
 []


Underfull \hbox (badness 2564) in paragraph at lines 137--141
\OT1/ptm/m/n/8 lo-ca-tion in joint trans-mis-sion and dis-tri-bu-tion peer-to-p
eer mar-
 []

) [10] (./journal_v16.aux)

LaTeX Warning: Label(s) may have changed. Rerun to get cross-references right.

 ) 
Here is how much of TeX's memory you used:
 7470 strings out of 480608
 118103 string characters out of 5903630
 379693 words of memory out of 5000000
 23150 multiletter control sequences out of 15000+600000
 586804 words of font info for 143 fonts, out of 8000000 for 9000
 1141 hyphenation exceptions out of 8191
 48i,34n,46p,1058b,462s stack positions out of 5000i,500n,10000p,200000b,80000s
{/usr/local/texlive/2020/texmf-dist/fonts/enc/dvips/base/8r.enc}</usr/local/t
exlive/2020/texmf-dist/fonts/type1/public/amsfonts/cm/cmbsy10.pfb></usr/local/t
exlive/2020/texmf-dist/fonts/type1/public/amsfonts/cm/cmbx10.pfb></usr/local/te
xlive/2020/texmf-dist/fonts/type1/public/amsfonts/cm/cmbx7.pfb></usr/local/texl
ive/2020/texmf-dist/fonts/type1/public/amsfonts/cm/cmex10.pfb></usr/local/texli
ve/2020/texmf-dist/fonts/type1/public/amsfonts/cm/cmmi10.pfb></usr/local/texliv
e/2020/texmf-dist/fonts/type1/public/amsfonts/cm/cmmi5.pfb></usr/local/texlive/
2020/texmf-dist/fonts/type1/public/amsfonts/cm/cmmi6.pfb></usr/local/texlive/20
20/texmf-dist/fonts/type1/public/amsfonts/cm/cmmi7.pfb></usr/local/texlive/2020
/texmf-dist/fonts/type1/public/amsfonts/cm/cmmi8.pfb></usr/local/texlive/2020/t
exmf-dist/fonts/type1/public/amsfonts/cm/cmmi9.pfb></usr/local/texlive/2020/tex
mf-dist/fonts/type1/public/amsfonts/cm/cmr10.pfb></usr/local/texlive/2020/texmf
-dist/fonts/type1/public/amsfonts/cm/cmr5.pfb></usr/local/texlive/2020/texmf-di
st/fonts/type1/public/amsfonts/cm/cmr6.pfb></usr/local/texlive/2020/texmf-dist/
fonts/type1/public/amsfonts/cm/cmr7.pfb></usr/local/texlive/2020/texmf-dist/fon
ts/type1/public/amsfonts/cm/cmr9.pfb></usr/local/texlive/2020/texmf-dist/fonts/
type1/public/amsfonts/cm/cmsy10.pfb></usr/local/texlive/2020/texmf-dist/fonts/t
ype1/public/amsfonts/cm/cmsy5.pfb></usr/local/texlive/2020/texmf-dist/fonts/typ
e1/public/amsfonts/cm/cmsy6.pfb></usr/local/texlive/2020/texmf-dist/fonts/type1
/public/amsfonts/cm/cmsy7.pfb></usr/local/texlive/2020/texmf-dist/fonts/type1/p
ublic/amsfonts/cm/cmsy8.pfb></usr/local/texlive/2020/texmf-dist/fonts/type1/pub
lic/amsfonts/cm/cmsy9.pfb></usr/local/texlive/2020/texmf-dist/fonts/type1/publi
c/eurosym/feymr10.pfb></usr/local/texlive/2020/texmf-dist/fonts/type1/public/am
sfonts/symbols/msam10.pfb></usr/local/texlive/2020/texmf-dist/fonts/type1/publi
c/amsfonts/symbols/msbm10.pfb></usr/local/texlive/2020/texmf-dist/fonts/type1/p
ublic/amsfonts/symbols/msbm7.pfb></usr/local/texlive/2020/texmf-dist/fonts/type
1/urw/courier/ucrr8a.pfb></usr/local/texlive/2020/texmf-dist/fonts/type1/urw/ti
mes/utmb8a.pfb></usr/local/texlive/2020/texmf-dist/fonts/type1/urw/times/utmbi8
a.pfb></usr/local/texlive/2020/texmf-dist/fonts/type1/urw/times/utmr8a.pfb></us
r/local/texlive/2020/texmf-dist/fonts/type1/urw/times/utmri8a.pfb></usr/local/t
exlive/2020/texmf-dist/fonts/type1/public/wasy-type1/wasy10.pfb>
Output written on journal_v16.pdf (10 pages, 852384 bytes).
PDF statistics:
 304 PDF objects out of 1000 (max. 8388607)
 177 compressed objects within 2 object streams
 0 named destinations out of 1000 (max. 500000)
 56 words of extra memory for PDF output out of 10000 (max. 10000000)

