This is pdfTeX, Version 3.141592653-2.6-1.40.22 (MiKTeX 21.3) (preloaded format=pdflatex 2021.3.15)  7 MAR 2022 11:04
entering extended mode
**./journal_v16.tex
(journal_v16.tex
LaTeX2e <2020-10-01> patch level 4
L3 programming layer <2021-02-18> xparse <2020-03-03> (IEEEtran.cls
Document Class: IEEEtran 2015/08/26 V1.8b by Michael Shell
-- See the "IEEEtran_HOWTO" manual for usage information.
-- http://www.michaelshell.org/tex/ieeetran/
\@IEEEtrantmpdimenA=\dimen138
\@IEEEtrantmpdimenB=\dimen139
\@IEEEtrantmpdimenC=\dimen140
\@IEEEtrantmpcountA=\count179
\@IEEEtrantmpcountB=\count180
\@IEEEtrantmpcountC=\count181
\@IEEEtrantmptoksA=\toks15
LaTeX Font Info:    Trying to load font information for OT1+ptm on input line 5
03.
(C:\Users\giuse\AppData\Roaming\MiKTeX\2.9\tex/latex/psnfss\ot1ptm.fd
File: ot1ptm.fd 2001/06/04 font definitions for OT1/ptm.
)
-- Using 8.5in x 11in (letter) paper.
-- Using PDF output.
\@IEEEnormalsizeunitybaselineskip=\dimen141
-- This is a 10 point document.
\CLASSINFOnormalsizebaselineskip=\dimen142
\CLASSINFOnormalsizeunitybaselineskip=\dimen143
\IEEEnormaljot=\dimen144
LaTeX Font Info:    Font shape `OT1/ptm/bx/n' in size <5> not available
(Font)              Font shape `OT1/ptm/b/n' tried instead on input line 1090.
LaTeX Font Info:    Font shape `OT1/ptm/bx/it' in size <5> not available
(Font)              Font shape `OT1/ptm/b/it' tried instead on input line 1090.

LaTeX Font Info:    Font shape `OT1/ptm/bx/n' in size <7> not available
(Font)              Font shape `OT1/ptm/b/n' tried instead on input line 1090.
LaTeX Font Info:    Font shape `OT1/ptm/bx/it' in size <7> not available
(Font)              Font shape `OT1/ptm/b/it' tried instead on input line 1090.

LaTeX Font Info:    Font shape `OT1/ptm/bx/n' in size <8> not available
(Font)              Font shape `OT1/ptm/b/n' tried instead on input line 1090.
LaTeX Font Info:    Font shape `OT1/ptm/bx/it' in size <8> not available
(Font)              Font shape `OT1/ptm/b/it' tried instead on input line 1090.

LaTeX Font Info:    Font shape `OT1/ptm/bx/n' in size <9> not available
(Font)              Font shape `OT1/ptm/b/n' tried instead on input line 1090.
LaTeX Font Info:    Font shape `OT1/ptm/bx/it' in size <9> not available
(Font)              Font shape `OT1/ptm/b/it' tried instead on input line 1090.

LaTeX Font Info:    Font shape `OT1/ptm/bx/n' in size <10> not available
(Font)              Font shape `OT1/ptm/b/n' tried instead on input line 1090.
LaTeX Font Info:    Font shape `OT1/ptm/bx/it' in size <10> not available
(Font)              Font shape `OT1/ptm/b/it' tried instead on input line 1090.

LaTeX Font Info:    Font shape `OT1/ptm/bx/n' in size <11> not available
(Font)              Font shape `OT1/ptm/b/n' tried instead on input line 1090.
LaTeX Font Info:    Font shape `OT1/ptm/bx/it' in size <11> not available
(Font)              Font shape `OT1/ptm/b/it' tried instead on input line 1090.

LaTeX Font Info:    Font shape `OT1/ptm/bx/n' in size <12> not available
(Font)              Font shape `OT1/ptm/b/n' tried instead on input line 1090.
LaTeX Font Info:    Font shape `OT1/ptm/bx/it' in size <12> not available
(Font)              Font shape `OT1/ptm/b/it' tried instead on input line 1090.

LaTeX Font Info:    Font shape `OT1/ptm/bx/n' in size <17> not available
(Font)              Font shape `OT1/ptm/b/n' tried instead on input line 1090.
LaTeX Font Info:    Font shape `OT1/ptm/bx/it' in size <17> not available
(Font)              Font shape `OT1/ptm/b/it' tried instead on input line 1090.

LaTeX Font Info:    Font shape `OT1/ptm/bx/n' in size <20> not available
(Font)              Font shape `OT1/ptm/b/n' tried instead on input line 1090.
LaTeX Font Info:    Font shape `OT1/ptm/bx/it' in size <20> not available
(Font)              Font shape `OT1/ptm/b/it' tried instead on input line 1090.

LaTeX Font Info:    Font shape `OT1/ptm/bx/n' in size <24> not available
(Font)              Font shape `OT1/ptm/b/n' tried instead on input line 1090.
LaTeX Font Info:    Font shape `OT1/ptm/bx/it' in size <24> not available
(Font)              Font shape `OT1/ptm/b/it' tried instead on input line 1090.

\IEEEquantizedlength=\dimen145
\IEEEquantizedlengthdiff=\dimen146
\IEEEquantizedtextheightdiff=\dimen147
\IEEEilabelindentA=\dimen148
\IEEEilabelindentB=\dimen149
\IEEEilabelindent=\dimen150
\IEEEelabelindent=\dimen151
\IEEEdlabelindent=\dimen152
\IEEElabelindent=\dimen153
\IEEEiednormlabelsep=\dimen154
\IEEEiedmathlabelsep=\dimen155
\IEEEiedtopsep=\skip47
\c@section=\count182
\c@subsection=\count183
\c@subsubsection=\count184
\c@paragraph=\count185
\c@IEEEsubequation=\count186
\abovecaptionskip=\skip48
\belowcaptionskip=\skip49
\c@figure=\count187
\c@table=\count188
\@IEEEeqnnumcols=\count189
\@IEEEeqncolcnt=\count190
\@IEEEsubeqnnumrollback=\count191
\@IEEEquantizeheightA=\dimen156
\@IEEEquantizeheightB=\dimen157
\@IEEEquantizeheightC=\dimen158
\@IEEEquantizeprevdepth=\dimen159
\@IEEEquantizemultiple=\count192
\@IEEEquantizeboxA=\box47
\@IEEEtmpitemindent=\dimen160
\IEEEPARstartletwidth=\dimen161
\c@IEEEbiography=\count193
\@IEEEtranrubishbin=\box48
)
(C:\Users\giuse\AppData\Local\Programs\MiKTeX 2.9\tex/latex/amsfonts\amssymb.st
y
Package: amssymb 2013/01/14 v3.01 AMS font symbols

(C:\Users\giuse\AppData\Local\Programs\MiKTeX 2.9\tex/latex/amsfonts\amsfonts.s
ty
Package: amsfonts 2013/01/14 v3.01 Basic AMSFonts support
\@emptytoks=\toks16
\symAMSa=\mathgroup4
\symAMSb=\mathgroup5
LaTeX Font Info:    Redeclaring math symbol \hbar on input line 98.
LaTeX Font Info:    Overwriting math alphabet `\mathfrak' in version `bold'
(Font)                  U/euf/m/n --> U/euf/b/n on input line 106.
))
(C:\Users\giuse\AppData\Local\Programs\MiKTeX 2.9\tex/latex/amsmath\amsmath.sty
Package: amsmath 2020/09/23 v2.17i AMS math features
\@mathmargin=\skip50
For additional information on amsmath, use the `?' option.

(C:\Users\giuse\AppData\Local\Programs\MiKTeX 2.9\tex/latex/amsmath\amstext.sty
Package: amstext 2000/06/29 v2.01 AMS text
(C:\Users\giuse\AppData\Local\Programs\MiKTeX 2.9\tex/latex/amsmath\amsgen.sty
File: amsgen.sty 1999/11/30 v2.0 generic functions
\@emptytoks=\toks17
\ex@=\dimen162
))
(C:\Users\giuse\AppData\Local\Programs\MiKTeX 2.9\tex/latex/amsmath\amsbsy.sty
Package: amsbsy 1999/11/29 v1.2d Bold Symbols
\pmbraise@=\dimen163
) (C:\Users\giuse\AppData\Local\Programs\MiKTeX 2.9\tex/latex/amsmath\amsopn.st
y
Package: amsopn 2016/03/08 v2.02 operator names
)
\inf@bad=\count194
LaTeX Info: Redefining \frac on input line 234.
\uproot@=\count195
\leftroot@=\count196
LaTeX Info: Redefining \overline on input line 399.
\classnum@=\count197
\DOTSCASE@=\count198
LaTeX Info: Redefining \ldots on input line 496.
LaTeX Info: Redefining \dots on input line 499.
LaTeX Info: Redefining \cdots on input line 620.
\Mathstrutbox@=\box49
\strutbox@=\box50
\big@size=\dimen164
LaTeX Font Info:    Redeclaring font encoding OML on input line 743.
LaTeX Font Info:    Redeclaring font encoding OMS on input line 744.
\macc@depth=\count199
\c@MaxMatrixCols=\count266
\dotsspace@=\muskip16
\c@parentequation=\count267
\dspbrk@lvl=\count268
\tag@help=\toks18
\row@=\count269
\column@=\count270
\maxfields@=\count271
\andhelp@=\toks19
\eqnshift@=\dimen165
\alignsep@=\dimen166
\tagshift@=\dimen167
\tagwidth@=\dimen168
\totwidth@=\dimen169
\lineht@=\dimen170
\@envbody=\toks20
\multlinegap=\skip51
\multlinetaggap=\skip52
\mathdisplay@stack=\toks21
LaTeX Info: Redefining \[ on input line 2923.
LaTeX Info: Redefining \] on input line 2924.
)
(C:\Users\giuse\AppData\Local\Programs\MiKTeX 2.9\tex/latex/amscls\amsthm.sty
Package: amsthm 2020/05/29 v2.20.6
\thm@style=\toks22
\thm@bodyfont=\toks23
\thm@headfont=\toks24
\thm@notefont=\toks25
\thm@headpunct=\toks26
\thm@preskip=\skip53
\thm@postskip=\skip54
\thm@headsep=\skip55
\dth@everypar=\toks27
)
(C:\Users\giuse\AppData\Local\Programs\MiKTeX 2.9\tex/latex/graphics\graphicx.s
ty
Package: graphicx 2020/09/09 v1.2b Enhanced LaTeX Graphics (DPC,SPQR)

(C:\Users\giuse\AppData\Local\Programs\MiKTeX 2.9\tex/latex/graphics\keyval.sty
Package: keyval 2014/10/28 v1.15 key=value parser (DPC)
\KV@toks@=\toks28
)
(C:\Users\giuse\AppData\Local\Programs\MiKTeX 2.9\tex/latex/graphics\graphics.s
ty
Package: graphics 2020/08/30 v1.4c Standard LaTeX Graphics (DPC,SPQR)

(C:\Users\giuse\AppData\Local\Programs\MiKTeX 2.9\tex/latex/graphics\trig.sty
Package: trig 2016/01/03 v1.10 sin cos tan (DPC)
)
(C:\Users\giuse\AppData\Local\Programs\MiKTeX 2.9\tex/latex/graphics-cfg\graphi
cs.cfg
File: graphics.cfg 2016/06/04 v1.11 sample graphics configuration
)
Package graphics Info: Driver file: pdftex.def on input line 105.

(C:\Users\giuse\AppData\Local\Programs\MiKTeX 2.9\tex/latex/graphics-def\pdftex
.def
File: pdftex.def 2020/10/05 v1.2a Graphics/color driver for pdftex
))
\Gin@req@height=\dimen171
\Gin@req@width=\dimen172
)
(C:\Users\giuse\AppData\Local\Programs\MiKTeX 2.9\tex/latex/comment\comment.sty
\CommentStream=\write3
Excluding comment 'comment')
(C:\Users\giuse\AppData\Local\Programs\MiKTeX 2.9\tex/latex/booktabs\booktabs.s
ty
Package: booktabs 2020/01/12 v1.61803398 Publication quality tables
\heavyrulewidth=\dimen173
\lightrulewidth=\dimen174
\cmidrulewidth=\dimen175
\belowrulesep=\dimen176
\belowbottomsep=\dimen177
\aboverulesep=\dimen178
\abovetopsep=\dimen179
\cmidrulesep=\dimen180
\cmidrulekern=\dimen181
\defaultaddspace=\dimen182
\@cmidla=\count272
\@cmidlb=\count273
\@aboverulesep=\dimen183
\@belowrulesep=\dimen184
\@thisruleclass=\count274
\@lastruleclass=\count275
\@thisrulewidth=\dimen185
)
(C:\Users\giuse\AppData\Local\Programs\MiKTeX 2.9\tex/latex/preprint\balance.st
y
Package: balance 1999/02/23 4.3 (PWD)
\oldvsize=\dimen186
)
(C:\Users\giuse\AppData\Local\Programs\MiKTeX 2.9\tex/latex/latex-tools\bm.sty
Package: bm 2019/07/24 v1.2d Bold Symbol Support (DPC/FMi)
\symboldoperators=\mathgroup6
\symboldletters=\mathgroup7
\symboldsymbols=\mathgroup8
LaTeX Font Info:    Redeclaring math alphabet \mathbf on input line 141.
LaTeX Info: Redefining \bm on input line 209.
)
(C:\Users\giuse\AppData\Local\Programs\MiKTeX 2.9\tex/latex/wasysym\wasysym.sty
Package: wasysym 2020/01/19 v2.4 Wasy-2 symbol support package
\symwasy=\mathgroup9
LaTeX Font Info:    Overwriting symbol font `wasy' in version `bold'
(Font)                  U/wasy/m/n --> U/wasy/b/n on input line 93.
) (C:\Users\giuse\AppData\Roaming\MiKTeX\2.9\tex/latex/float\float.sty
Package: float 2001/11/08 v1.3d Float enhancements (AL)
\c@float@type=\count276
\float@exts=\toks29
\float@box=\box51
\@float@everytoks=\toks30
\@floatcapt=\box52
)
(C:\Users\giuse\AppData\Local\Programs\MiKTeX 2.9\tex/latex/graphics\color.sty
Package: color 2020/02/24 v1.2b Standard LaTeX Color (DPC)

(C:\Users\giuse\AppData\Local\Programs\MiKTeX 2.9\tex/latex/graphics-cfg\color.
cfg
File: color.cfg 2016/01/02 v1.6 sample color configuration
)
Package color Info: Driver file: pdftex.def on input line 147.
)
(C:\Users\giuse\AppData\Local\Programs\MiKTeX 2.9\tex/latex/doublestroke\dsfont
.sty
Package: dsfont 1995/08/01 v0.1 Double stroke roman fonts
)
(C:\Users\giuse\AppData\Local\Programs\MiKTeX 2.9\tex/latex/algorithms\algorith
m.sty
Package: algorithm 2009/08/24 v0.1 Document Style `algorithm' - floating enviro
nment

(C:\Users\giuse\AppData\Local\Programs\MiKTeX 2.9\tex/latex/base\ifthen.sty
Package: ifthen 2014/09/29 v1.1c Standard LaTeX ifthen package (DPC)
)
\@float@every@algorithm=\toks31
\c@algorithm=\count277
)
(C:\Users\giuse\AppData\Local\Programs\MiKTeX 2.9\tex/latex/algorithmicx\algori
thmicx.sty
Package: algorithmicx 2005/04/27 v1.2 Algorithmicx

Document Style algorithmicx 1.2 - a greatly improved `algorithmic' style
\c@ALG@line=\count278
\c@ALG@rem=\count279
\c@ALG@nested=\count280
\ALG@tlm=\skip56
\ALG@thistlm=\skip57
\c@ALG@Lnr=\count281
\c@ALG@blocknr=\count282
\c@ALG@storecount=\count283
\c@ALG@tmpcounter=\count284
\ALG@tmplength=\skip58
)
(C:\Users\giuse\AppData\Local\Programs\MiKTeX 2.9\tex/latex/algorithmicx\algpse
udocode.sty
Package: algpseudocode 

Document Style - pseudocode environments for use with the `algorithmicx' style
)
(C:\Users\giuse\AppData\Local\Programs\MiKTeX 2.9\tex/latex/epstopdf-pkg\epstop
df.sty
Package: epstopdf 2020-01-24 v2.11 Conversion with epstopdf on the fly (HO)

(C:\Users\giuse\AppData\Roaming\MiKTeX\2.9\tex/generic/infwarerr\infwarerr.sty
Package: infwarerr 2019/12/03 v1.5 Providing info/warning/error messages (HO)
) (C:\Users\giuse\AppData\Roaming\MiKTeX\2.9\tex/latex/grfext\grfext.sty
Package: grfext 2019/12/03 v1.3 Manage graphics extensions (HO)

(C:\Users\giuse\AppData\Roaming\MiKTeX\2.9\tex/generic/kvdefinekeys\kvdefinekey
s.sty
Package: kvdefinekeys 2019-12-19 v1.6 Define keys (HO)
))
(C:\Users\giuse\AppData\Roaming\MiKTeX\2.9\tex/latex/kvoptions\kvoptions.sty
Package: kvoptions 2019/11/29 v3.13 Key value format for package options (HO)

(C:\Users\giuse\AppData\Roaming\MiKTeX\2.9\tex/generic/ltxcmds\ltxcmds.sty
Package: ltxcmds 2019/12/15 v1.24 LaTeX kernel commands for general use (HO)
)
(C:\Users\giuse\AppData\Roaming\MiKTeX\2.9\tex/generic/kvsetkeys\kvsetkeys.sty
Package: kvsetkeys 2019/12/15 v1.18 Key value parser (HO)
))
(C:\Users\giuse\AppData\Local\Programs\MiKTeX 2.9\tex/generic/pdftexcmds\pdftex
cmds.sty
Package: pdftexcmds 2020-06-27 v0.33 Utility functions of pdfTeX for LuaTeX (HO
)

(C:\Users\giuse\AppData\Local\Programs\MiKTeX 2.9\tex/generic/iftex\iftex.sty
Package: iftex 2020/03/06 v1.0d TeX engine tests
)
Package pdftexcmds Info: \pdf@primitive is available.
Package pdftexcmds Info: \pdf@ifprimitive is available.
Package pdftexcmds Info: \pdfdraftmode found.
)
(C:\Users\giuse\AppData\Local\Programs\MiKTeX 2.9\tex/latex/epstopdf-pkg\epstop
df-base.sty
Package: epstopdf-base 2020-01-24 v2.11 Base part for package epstopdf
Package epstopdf-base Info: Redefining graphics rule for `.eps' on input line 4
85.
Package grfext Info: Graphics extension search list:
(grfext)             [.pdf,.png,.jpg,.mps,.jpeg,.jbig2,.jb2,.PDF,.PNG,.JPG,.JPE
G,.JBIG2,.JB2,.eps]
(grfext)             \AppendGraphicsExtensions on input line 504.
))
(C:\Users\giuse\AppData\Local\Programs\MiKTeX 2.9\tex/latex/latex-tools\tabular
x.sty
Package: tabularx 2020/01/15 v2.11c `tabularx' package (DPC)

(C:\Users\giuse\AppData\Local\Programs\MiKTeX 2.9\tex/latex/latex-tools\array.s
ty
Package: array 2020/10/01 v2.5c Tabular extension package (FMi)
\col@sep=\dimen187
\ar@mcellbox=\box53
\extrarowheight=\dimen188
\NC@list=\toks32
\extratabsurround=\skip59
\backup@length=\skip60
\ar@cellbox=\box54
)
\TX@col@width=\dimen189
\TX@old@table=\dimen190
\TX@old@col=\dimen191
\TX@target=\dimen192
\TX@delta=\dimen193
\TX@cols=\count285
\TX@ftn=\toks33
) (C:\Users\giuse\AppData\Local\Programs\MiKTeX 2.9\tex/latex/cite\cite.sty
LaTeX Info: Redefining \cite on input line 302.
LaTeX Info: Redefining \nocite on input line 332.
Package: cite 2015/02/27  v 5.5
)
(C:\Users\giuse\AppData\Local\Programs\MiKTeX 2.9\tex/latex/latex-tools\enumera
te.sty
Package: enumerate 2015/07/23 v3.00 enumerate extensions (DPC)
\@enLab=\toks34
)
(C:\Users\giuse\AppData\Local\Programs\MiKTeX 2.9\tex/latex/mathtools\empheq.st
y
Package: empheq 2017/03/31 v2.15 Emphasizing equations

(C:\Users\giuse\AppData\Local\Programs\MiKTeX 2.9\tex/latex/mathtools\mhsetup.s
ty
Package: mhsetup 2017/03/31 v1.3 programming setup (MH)
)
(C:\Users\giuse\AppData\Local\Programs\MiKTeX 2.9\tex/latex/mathtools\mathtools
.sty
Package: mathtools 2020/03/24 v1.24 mathematical typesetting tools

(C:\Users\giuse\AppData\Local\Programs\MiKTeX 2.9\tex/latex/latex-tools\calc.st
y
Package: calc 2017/05/25 v4.3 Infix arithmetic (KKT,FJ)
\calc@Acount=\count286
\calc@Bcount=\count287
\calc@Adimen=\dimen194
\calc@Bdimen=\dimen195
\calc@Askip=\skip61
\calc@Bskip=\skip62
LaTeX Info: Redefining \setlength on input line 80.
LaTeX Info: Redefining \addtolength on input line 81.
\calc@Ccount=\count288
\calc@Cskip=\skip63
)
LaTeX Info: Thecontrolsequence`\('isalreadyrobust on input line 130.
LaTeX Info: Thecontrolsequence`\)'isalreadyrobust on input line 130.
LaTeX Info: Thecontrolsequence`\['isalreadyrobust on input line 130.
LaTeX Info: Thecontrolsequence`\]'isalreadyrobust on input line 130.
\g_MT_multlinerow_int=\count289
\l_MT_multwidth_dim=\dimen196
\origjot=\skip64
\l_MT_shortvdotswithinadjustabove_dim=\dimen197
\l_MT_shortvdotswithinadjustbelow_dim=\dimen198
\l_MT_above_intertext_sep=\dimen199
\l_MT_below_intertext_sep=\dimen256
\l_MT_above_shortintertext_sep=\dimen257
\l_MT_below_shortintertext_sep=\dimen258
\xmathstrut@box=\box55
\xmathstrut@dim=\dimen259
)
\l_EQ_equationtype_int=\count290
\l_EQ_alignmentmode_int=\count291
\l_EQ_totalwidth_dim=\dimen260
\l_EQ_displaywidth_dim=\dimen261
\l_EQ_temp_linewidth_dim=\dimen262
\l_EQ_linewidth_dim=\dimen263
\EmphEqdelimitershortfall=\dimen264
\EmphEqdelimiterfactor=\count292
\g_EQ_toptag_height_dim=\dimen265
\g_EQ_bottomtag_depth_dim=\dimen266
\g_EQ_toprow_height_dim=\dimen267
\g_EQ_bottomrow_depth_dim=\dimen268
\g_EQ_widesttag_dim=\dimen269
\EQ_mathdisplay_box=\box56
\EQ_tag_box=\box57
\g_EQ_temprow_int=\count293
)
(C:\Users\giuse\AppData\Local\Programs\MiKTeX 2.9\tex/latex/caption\subcaption.
sty
Package: subcaption 2020/10/07 v1.3j Sub-captions (AR)

(C:\Users\giuse\AppData\Local\Programs\MiKTeX 2.9\tex/latex/caption\caption.sty
Package: caption 2020/10/26 v3.5g Customizing captions (AR)

(C:\Users\giuse\AppData\Local\Programs\MiKTeX 2.9\tex/latex/caption\caption3.st
y
Package: caption3 2020/10/21 v2.2e caption3 kernel (AR)
\captionmargin=\dimen270
\captionmargin@=\dimen271
\captionwidth=\dimen272
\caption@tempdima=\dimen273
\caption@indent=\dimen274
\caption@parindent=\dimen275
\caption@hangindent=\dimen276
Package caption Info: Unknown document class (or package),
(caption)             standard defaults will be used.
Package caption Info: \@makecaption = \long macro:#1#2->\ifx \@captype \@IEEEta
blestring \footnotesize \bgroup \par \centering \@IEEEtabletopskipstrut {\norma
lfont \footnotesize #1}\\{\normalfont \footnotesize \scshape #2}\par \addvspace
 {0.5\baselineskip }\egroup \@IEEEtablecaptionsepspace \else \@IEEEfigurecaptio
nsepspace \setbox \@tempboxa \hbox {\normalfont \footnotesize {#1.}\nobreakspac
e \nobreakspace #2}\ifdim \wd \@tempboxa >\hsize \setbox \@tempboxa \hbox {\nor
malfont \footnotesize {#1.}\nobreakspace \nobreakspace }\parbox [t]{\hsize }{\n
ormalfont \footnotesize \noindent \unhbox \@tempboxa #2}\else \ifCLASSOPTIONcon
ference \hbox to\hsize {\normalfont \footnotesize \hfil \box \@tempboxa \hfil }
\else \hbox to\hsize {\normalfont \footnotesize \box \@tempboxa \hfil }\fi \fi 
\fi  on input line 1139.
)

Package caption Warning: Unknown document class (or package),
(caption)                standard defaults will be used.
See the caption package documentation for explanation.

\c@caption@flags=\count294
\c@continuedfloat=\count295
Package caption Info: float package is loaded.
)
\c@subfigure=\count296
\c@subtable=\count297
)
(C:\Users\giuse\AppData\Local\Programs\MiKTeX 2.9\tex/latex/eurosym\eurosym.sty
Package: eurosym 1998/08/06 v1.1 European currency symbol ``Euro''
\@eurobox=\box58
)
(C:\Users\giuse\AppData\Local\Programs\MiKTeX 2.9\tex/latex/marginnote\marginno
te.sty
Package: marginnote 2018/08/09 v1.4b non floating margin notes for LaTeX
\c@mn@abspage=\count298
)
\c@theorem=\count299
\c@proposition=\count300
\c@property=\count301
\c@definition=\count302
\c@corollary=\count303
\c@remark=\count304
\c@assumption=\count305
\c@lemma=\count306

(C:\Users\giuse\AppData\Local\Programs\MiKTeX 2.9\tex/latex/l3backend\l3backend
-pdftex.def
File: l3backend-pdftex.def 2021-03-02 L3 backend support: PDF output (pdfTeX)
\l__color_backend_stack_int=\count307
\l__pdf_internal_box=\box59
) (journal_v16.aux)
\openout1 = `journal_v16.aux'.

LaTeX Font Info:    Checking defaults for OML/cmm/m/it on input line 131.
LaTeX Font Info:    ... okay on input line 131.
LaTeX Font Info:    Checking defaults for OMS/cmsy/m/n on input line 131.
LaTeX Font Info:    ... okay on input line 131.
LaTeX Font Info:    Checking defaults for OT1/cmr/m/n on input line 131.
LaTeX Font Info:    ... okay on input line 131.
LaTeX Font Info:    Checking defaults for T1/cmr/m/n on input line 131.
LaTeX Font Info:    ... okay on input line 131.
LaTeX Font Info:    Checking defaults for TS1/cmr/m/n on input line 131.
LaTeX Font Info:    ... okay on input line 131.
LaTeX Font Info:    Checking defaults for OMX/cmex/m/n on input line 131.
LaTeX Font Info:    ... okay on input line 131.
LaTeX Font Info:    Checking defaults for U/cmr/m/n on input line 131.
LaTeX Font Info:    ... okay on input line 131.

-- Lines per column: 58 (exact).

(C:\Users\giuse\AppData\Local\Programs\MiKTeX 2.9\tex/context/base/mkii\supp-pd
f.mkii
[Loading MPS to PDF converter (version 2006.09.02).]
\scratchcounter=\count308
\scratchdimen=\dimen277
\scratchbox=\box60
\nofMPsegments=\count309
\nofMParguments=\count310
\everyMPshowfont=\toks35
\MPscratchCnt=\count311
\MPscratchDim=\dimen278
\MPnumerator=\count312
\makeMPintoPDFobject=\count313
\everyMPtoPDFconversion=\toks36
)
\Hy@linkcounter=\count314
Package caption Info: Begin \AtBeginDocument code.
Package caption Info: End \AtBeginDocument code.
LaTeX Font Info:    Trying to load font information for OT1+pcr on input line 1
33.
 (C:\Users\giuse\AppData\Roaming\MiKTeX\2.9\tex/latex/psnfss\ot1pcr.fd
File: ot1pcr.fd 2001/06/04 font definitions for OT1/pcr.
)
LaTeX Font Info:    Trying to load font information for OMS+pcr on input line 1
33.

(C:\Users\giuse\AppData\Roaming\MiKTeX\2.9\tex/latex/psnfss\omspcr.fd
File: omspcr.fd 
)
LaTeX Font Info:    Font shape `OMS/pcr/m/n' in size <8> not available
(Font)              Font shape `OMS/cmsy/m/n' tried instead on input line 133.

Underfull \hbox (badness 6708) in paragraph at lines 133--133
[][][]\OT1/ptm/m/n/8 G. Bel-gioioso is with the Au-to-matic Con-trol Lab-o-ra-t
ory, ETH
 []


Underfull \hbox (badness 10000) in paragraph at lines 133--133
\OT1/ptm/m/n/8 Zurich, Switzer-land. W. Anan-duta and S. Gram-matico are with
 []


Underfull \hbox (badness 2409) in paragraph at lines 133--133
\OT1/ptm/m/n/8 the Delft Cen-ter for Sys-tems and Con-trol (DCSC), TU Delft, Th
e
 []


Underfull \hbox (badness 10000) in paragraph at lines 133--133
\OT1/ptm/m/n/8 Nether-lands. C. Ocampo-Martinez is with the Au-to-matic Con-tro
l
 []


Underfull \hbox (badness 2401) in paragraph at lines 133--133
\OT1/ptm/m/n/8 P2P-TALES (grant n. 647.003.003), the ERC un-der re-search proje
ct
 []

LaTeX Font Info:    Trying to load font information for U+msa on input line 156
.
(C:\Users\giuse\AppData\Local\Programs\MiKTeX 2.9\tex/latex/amsfonts\umsa.fd
File: umsa.fd 2013/01/14 v3.01 AMS symbols A
)
LaTeX Font Info:    Trying to load font information for U+msb on input line 156
.

(C:\Users\giuse\AppData\Local\Programs\MiKTeX 2.9\tex/latex/amsfonts\umsb.fd
File: umsb.fd 2013/01/14 v3.01 AMS symbols B
)
LaTeX Font Info:    Trying to load font information for U+wasy on input line 15
6.

(C:\Users\giuse\AppData\Local\Programs\MiKTeX 2.9\tex/latex/wasysym\uwasy.fd
File: uwasy.fd 2020/01/19 v2.4 Wasy-2 symbol font definitions
)

LaTeX Warning: `!h' float specifier changed to `!ht'.

[1{C:/Users/giuse/AppData/Local/MiKTeX/2.9/pdftex/config/pdftex.map}


]
LaTeX Font Info:    Trying to load font information for TS1+ptm on input line 2
88.

(C:\Users\giuse\AppData\Roaming\MiKTeX\2.9\tex/latex/psnfss\ts1ptm.fd
File: ts1ptm.fd 2001/06/04 font definitions for TS1/ptm.
) [2]
<figures/37bus_sys_f1.pdf, id=30, 268.45895pt x 168.3319pt>
File: figures/37bus_sys_f1.pdf Graphic file (type pdf)
<use figures/37bus_sys_f1.pdf>
Package pdftex.def Info: figures/37bus_sys_f1.pdf  used on input line 331.
(pdftex.def)             Requested size: 239.39923pt x 150.11284pt.


LaTeX Font Warning: Font shape `U/wasy/b/n' in size <7> not available
(Font)              Font shape `U/wasy/m/n' tried instead on input line 377.


LaTeX Font Warning: Font shape `U/wasy/b/n' in size <5> not available
(Font)              Font shape `U/wasy/m/n' tried instead on input line 377.

[3 <./figures/37bus_sys_f1.pdf>] [4]
Overfull \hbox (15.93622pt too wide) detected at line 594
\OML/cmm/m/it/10 u[]  \OT1/cmr/m/n/10 =  []
 []

[5]
Overfull \hbox (2.43643pt too wide) detected at line 747
[]
 []


Overfull \hbox (2.43643pt too wide) in paragraph at lines 682--751
[]$[]$ 
 []

<figures/37bus_sys_f7_GB.pdf, id=81, 236.77962pt x 375.89835pt>
File: figures/37bus_sys_f7_GB.pdf Graphic file (type pdf)
<use figures/37bus_sys_f7_GB.pdf>
Package pdftex.def Info: figures/37bus_sys_f7_GB.pdf  used on input line 755.
(pdftex.def)             Requested size: 190.91748pt x 303.10513pt.

LaTeX Warning: Text page 6 contains only floats.

[6 <./figures/37bus_sys_f7_GB.pdf>]
Overfull \hbox (15.52422pt too wide) in paragraph at lines 1033--1053
|  $[]$ 
 []


Overfull \hbox (6.33354pt too wide) in paragraph at lines 1112--1128
|  $[]$ 
 []


Overfull \hbox (7.78357pt too wide) in paragraph at lines 1130--1177
|  $[]$ 
 []

[7]
Package epstopdf Info: Source file: <figures/simD_safe1.eps>
(epstopdf)                    date: 2022-03-04 07:50:46
(epstopdf)                    size: 32588 bytes
(epstopdf)             Output file: <figures/simD_safe1-eps-converted-to.pdf>
(epstopdf)                    date: 2022-03-04 07:50:46
(epstopdf)                    size: 5458 bytes
(epstopdf)             Command: <epstopdf --outfile=figures/simD_safe1-eps-conv
erted-to.pdf figures/simD_safe1.eps>
(epstopdf)             \includegraphics on input line 1223.
Package epstopdf Info: Output file is already uptodate.


pdfTeX warning: pdflatex (file ./figures/simD_safe1-eps-converted-to.pdf): PDF 
inclusion: found PDF version <1.7>, but at most version <1.5> allowed
<figures/simD_safe1-eps-converted-to.pdf, id=148, 128.48pt x 165.61874pt>
File: figures/simD_safe1-eps-converted-to.pdf Graphic file (type pdf)
<use figures/simD_safe1-eps-converted-to.pdf>
Package pdftex.def Info: figures/simD_safe1-eps-converted-to.pdf  used on input
 line 1223.
(pdftex.def)             Requested size: 118.20107pt x 152.36856pt.
Package epstopdf Info: Source file: <figures/simD_fail2.eps>
(epstopdf)                    date: 2022-03-04 07:50:46
(epstopdf)                    size: 3355539 bytes
(epstopdf)             Output file: <figures/simD_fail2-eps-converted-to.pdf>
(epstopdf)                    date: 2022-03-04 08:45:58
(epstopdf)                    size: 32593 bytes
(epstopdf)             Command: <epstopdf --outfile=figures/simD_fail2-eps-conv
erted-to.pdf figures/simD_fail2.eps>
(epstopdf)             \includegraphics on input line 1229.
Package epstopdf Info: Output file is already uptodate.


pdfTeX warning: pdflatex (file ./figures/simD_fail2-eps-converted-to.pdf): PDF 
inclusion: found PDF version <1.7>, but at most version <1.5> allowed
<figures/simD_fail2-eps-converted-to.pdf, id=149, 127.47626pt x 164.615pt>
File: figures/simD_fail2-eps-converted-to.pdf Graphic file (type pdf)
<use figures/simD_fail2-eps-converted-to.pdf>
Package pdftex.def Info: figures/simD_fail2-eps-converted-to.pdf  used on input
 line 1229.
(pdftex.def)             Requested size: 117.27762pt x 151.44511pt.

Overfull \hbox (10.59991pt too wide) in paragraph at lines 1221--1232
 [][]  [] 
 []

Package epstopdf Info: Source file: <figures/b0b.eps>
(epstopdf)                    date: 2022-03-07 10:37:05
(epstopdf)                    size: 59286 bytes
(epstopdf)             Output file: <figures/b0b-eps-converted-to.pdf>
(epstopdf)                    date: 2022-03-07 10:37:05
(epstopdf)                    size: 27335 bytes
(epstopdf)             Command: <epstopdf --outfile=figures/b0b-eps-converted-t
o.pdf figures/b0b.eps>
(epstopdf)             \includegraphics on input line 1244.
Package epstopdf Info: Output file is already uptodate.
<figures/b0b-eps-converted-to.pdf, id=150, 564.1075pt x 282.05376pt>
File: figures/b0b-eps-converted-to.pdf Graphic file (type pdf)
<use figures/b0b-eps-converted-to.pdf>
Package pdftex.def Info: figures/b0b-eps-converted-to.pdf  used on input line 1
244.
(pdftex.def)             Requested size: 231.83954pt x 115.91821pt.
Package epstopdf Info: Source file: <figures/b1b.eps>
(epstopdf)                    date: 2022-03-07 10:37:05
(epstopdf)                    size: 72677 bytes
(epstopdf)             Output file: <figures/b1b-eps-converted-to.pdf>
(epstopdf)                    date: 2022-03-07 10:37:05
(epstopdf)                    size: 36932 bytes
(epstopdf)             Command: <epstopdf --outfile=figures/b1b-eps-converted-t
o.pdf figures/b1b.eps>
(epstopdf)             \includegraphics on input line 1252.
Package epstopdf Info: Output file is already uptodate.
<figures/b1b-eps-converted-to.pdf, id=151, 488.82625pt x 256.96pt>
File: figures/b1b-eps-converted-to.pdf Graphic file (type pdf)
<use figures/b1b-eps-converted-to.pdf>
Package pdftex.def Info: figures/b1b-eps-converted-to.pdf  used on input line 1
252.
(pdftex.def)             Requested size: 231.83954pt x 121.87297pt.
Package epstopdf Info: Source file: <figures/b2b.eps>
(epstopdf)                    date: 2022-03-07 10:37:05
(epstopdf)                    size: 66404 bytes
(epstopdf)             Output file: <figures/b2b-eps-converted-to.pdf>
(epstopdf)                    date: 2022-03-07 10:37:05
(epstopdf)                    size: 34818 bytes
(epstopdf)             Command: <epstopdf --outfile=figures/b2b-eps-converted-t
o.pdf figures/b2b.eps>
(epstopdf)             \includegraphics on input line 1260.
Package epstopdf Info: Output file is already uptodate.
<figures/b2b-eps-converted-to.pdf, id=152, 487.8225pt x 255.95625pt>
File: figures/b2b-eps-converted-to.pdf Graphic file (type pdf)
<use figures/b2b-eps-converted-to.pdf>
Package pdftex.def Info: figures/b2b-eps-converted-to.pdf  used on input line 1
260.
(pdftex.def)             Requested size: 231.83954pt x 121.64296pt.
[8 <./figures/simD_safe1-eps-converted-to.pdf> <./figures/simD_fail2-eps-conver
ted-to.pdf> <./figures/b0b-eps-converted-to.pdf> <./figures/b1b-eps-converted-t
o.pdf> <./figures/b2b-eps-converted-to.pdf>]
Package epstopdf Info: Source file: <figures/simB_0402_pt1_v3b.eps>
(epstopdf)                    date: 2022-03-07 10:37:05
(epstopdf)                    size: 185041 bytes
(epstopdf)             Output file: <figures/simB_0402_pt1_v3b-eps-converted-to
.pdf>
(epstopdf)                    date: 2022-03-07 10:37:05
(epstopdf)                    size: 97150 bytes
(epstopdf)             Command: <epstopdf --outfile=figures/simB_0402_pt1_v3b-e
ps-converted-to.pdf figures/simB_0402_pt1_v3b.eps>
(epstopdf)             \includegraphics on input line 1282.
Package epstopdf Info: Output file is already uptodate.
<figures/simB_0402_pt1_v3b-eps-converted-to.pdf, id=185, 562.1pt x 536.0025pt>
File: figures/simB_0402_pt1_v3b-eps-converted-to.pdf Graphic file (type pdf)
<use figures/simB_0402_pt1_v3b-eps-converted-to.pdf>
Package pdftex.def Info: figures/simB_0402_pt1_v3b-eps-converted-to.pdf  used o
n input line 1282.
(pdftex.def)             Requested size: 201.60077pt x 192.24101pt.
Package epstopdf Info: Source file: <figures/simB_0402_pt2_v4b.eps>
(epstopdf)                    date: 2022-03-07 10:37:05
(epstopdf)                    size: 62976 bytes
(epstopdf)             Output file: <figures/simB_0402_pt2_v4b-eps-converted-to
.pdf>
(epstopdf)                    date: 2022-03-07 10:37:05
(epstopdf)                    size: 33286 bytes
(epstopdf)             Command: <epstopdf --outfile=figures/simB_0402_pt2_v4b-e
ps-converted-to.pdf figures/simB_0402_pt2_v4b.eps>
(epstopdf)             \includegraphics on input line 1289.
Package epstopdf Info: Output file is already uptodate.
<figures/simB_0402_pt2_v4b-eps-converted-to.pdf, id=186, 562.1pt x 209.78375pt>

File: figures/simB_0402_pt2_v4b-eps-converted-to.pdf Graphic file (type pdf)
<use figures/simB_0402_pt2_v4b-eps-converted-to.pdf>
Package pdftex.def Info: figures/simB_0402_pt2_v4b-eps-converted-to.pdf  used o
n input line 1289.
(pdftex.def)             Requested size: 231.83954pt x 86.52405pt.
Package epstopdf Info: Source file: <figures/simB_0402_pt3_v2b.eps>
(epstopdf)                    date: 2022-03-07 10:37:05
(epstopdf)                    size: 128261 bytes
(epstopdf)             Output file: <figures/simB_0402_pt3_v2b-eps-converted-to
.pdf>
(epstopdf)                    date: 2022-03-07 10:37:05
(epstopdf)                    size: 72630 bytes
(epstopdf)             Command: <epstopdf --outfile=figures/simB_0402_pt3_v2b-e
ps-converted-to.pdf figures/simB_0402_pt3_v2b.eps>
(epstopdf)             \includegraphics on input line 1297.
Package epstopdf Info: Output file is already uptodate.
<figures/simB_0402_pt3_v2b-eps-converted-to.pdf, id=187, 562.1pt x 421.575pt>
File: figures/simB_0402_pt3_v2b-eps-converted-to.pdf Graphic file (type pdf)
<use figures/simB_0402_pt3_v2b-eps-converted-to.pdf>
Package pdftex.def Info: figures/simB_0402_pt3_v2b-eps-converted-to.pdf  used o
n input line 1297.
(pdftex.def)             Requested size: 231.83954pt x 173.8761pt.


pdfTeX warning: pdflatex (file ./figures/simEF3_GB2.pdf): PDF inclusion: found 
PDF version <1.6>, but at most version <1.5> allowed
<figures/simEF3_GB2.pdf, id=188, 385.00076pt x 303.97063pt>
File: figures/simEF3_GB2.pdf Graphic file (type pdf)
<use figures/simEF3_GB2.pdf>
Package pdftex.def Info: figures/simEF3_GB2.pdf  used on input line 1311.
(pdftex.def)             Requested size: 226.79846pt x 179.06746pt.

Underfull \vbox (badness 4805) has occurred while \output is active []

 [9 <./figures/simB_0402_pt1_v3b-eps-converted-to.pdf> <./figures/simB_0402_pt2
_v4b-eps-converted-to.pdf> <./figures/simB_0402_pt3_v2b-eps-converted-to.pdf> <
./figures/simEF3_GB2.pdf>] (journal_v16.bbl
Underfull \hbox (badness 4353) in paragraph at lines 137--141
[]\OT1/ptm/m/n/8 F. Moret, A. Tosatto, T. Baroche, and P. Pin-son, ``Loss al-
 []


Underfull \hbox (badness 2564) in paragraph at lines 137--141
\OT1/ptm/m/n/8 lo-ca-tion in joint trans-mis-sion and dis-tri-bu-tion peer-to-p
eer mar-
 []

) [10] (journal_v16.aux) ) 
Here is how much of TeX's memory you used:
 7743 strings out of 479334
 127699 string characters out of 2855431
 447451 words of memory out of 3000000
 24986 multiletter control sequences out of 15000+200000
 457896 words of font info for 146 fonts, out of 3000000 for 9000
 1141 hyphenation exceptions out of 8191
 69i,34n,77p,1060b,470s stack positions out of 5000i,500n,10000p,200000b,50000s
 <C:\Users\giuse\AppData\Local\MiKTeX\2.9\fonts/pk/lj
four/public/wasy/dpi600\wasy10.pk>{C:/Users/giuse/AppData/Local/Programs/MiKTeX
 2.9/fonts/enc/dvips/base/8r.enc}<C:/Users/giuse/AppData/Local/Programs/MiKTeX 
2.9/fonts/type1/public/amsfonts/cm/cmbsy10.pfb><C:/Users/giuse/AppData/Local/Pr
ograms/MiKTeX 2.9/fonts/type1/public/amsfonts/cm/cmbx10.pfb><C:/Users/giuse/App
Data/Local/Programs/MiKTeX 2.9/fonts/type1/public/amsfonts/cm/cmbx7.pfb><C:/Use
rs/giuse/AppData/Local/Programs/MiKTeX 2.9/fonts/type1/public/amsfonts/cm/cmex1
0.pfb><C:/Users/giuse/AppData/Local/Programs/MiKTeX 2.9/fonts/type1/public/amsf
onts/cm/cmmi10.pfb><C:/Users/giuse/AppData/Local/Programs/MiKTeX 2.9/fonts/type
1/public/amsfonts/cm/cmmi5.pfb><C:/Users/giuse/AppData/Local/Programs/MiKTeX 2.
9/fonts/type1/public/amsfonts/cm/cmmi6.pfb><C:/Users/giuse/AppData/Local/Progra
ms/MiKTeX 2.9/fonts/type1/public/amsfonts/cm/cmmi7.pfb><C:/Users/giuse/AppData/
Local/Programs/MiKTeX 2.9/fonts/type1/public/amsfonts/cm/cmmi8.pfb><C:/Users/gi
use/AppData/Local/Programs/MiKTeX 2.9/fonts/type1/public/amsfonts/cm/cmmi9.pfb>
<C:/Users/giuse/AppData/Local/Programs/MiKTeX 2.9/fonts/type1/public/amsfonts/c
m/cmr10.pfb><C:/Users/giuse/AppData/Local/Programs/MiKTeX 2.9/fonts/type1/publi
c/amsfonts/cm/cmr5.pfb><C:/Users/giuse/AppData/Local/Programs/MiKTeX 2.9/fonts/
type1/public/amsfonts/cm/cmr6.pfb><C:/Users/giuse/AppData/Local/Programs/MiKTeX
 2.9/fonts/type1/public/amsfonts/cm/cmr7.pfb><C:/Users/giuse/AppData/Local/Prog
rams/MiKTeX 2.9/fonts/type1/public/amsfonts/cm/cmr9.pfb><C:/Users/giuse/AppData
/Local/Programs/MiKTeX 2.9/fonts/type1/public/amsfonts/cm/cmsy10.pfb><C:/Users/
giuse/AppData/Local/Programs/MiKTeX 2.9/fonts/type1/public/amsfonts/cm/cmsy5.pf
b><C:/Users/giuse/AppData/Local/Programs/MiKTeX 2.9/fonts/type1/public/amsfonts
/cm/cmsy6.pfb><C:/Users/giuse/AppData/Local/Programs/MiKTeX 2.9/fonts/type1/pub
lic/amsfonts/cm/cmsy7.pfb><C:/Users/giuse/AppData/Local/Programs/MiKTeX 2.9/fon
ts/type1/public/amsfonts/cm/cmsy8.pfb><C:/Users/giuse/AppData/Local/Programs/Mi
KTeX 2.9/fonts/type1/public/amsfonts/cm/cmsy9.pfb><C:/Users/giuse/AppData/Local
/Programs/MiKTeX 2.9/fonts/type1/public/eurosym/feymr10.pfb><C:/Users/giuse/App
Data/Local/Programs/MiKTeX 2.9/fonts/type1/public/amsfonts/symbols/msam10.pfb><
C:/Users/giuse/AppData/Local/Programs/MiKTeX 2.9/fonts/type1/public/amsfonts/sy
mbols/msbm10.pfb><C:/Users/giuse/AppData/Local/Programs/MiKTeX 2.9/fonts/type1/
public/amsfonts/symbols/msbm7.pfb><C:/Users/giuse/AppData/Local/Programs/MiKTeX
 2.9/fonts/type1/urw/courier/ucrr8a.pfb><C:/Users/giuse/AppData/Roaming/MiKTeX/
2.9/fonts/type1/urw/times/utmb8a.pfb><C:/Users/giuse/AppData/Roaming/MiKTeX/2.9
/fonts/type1/urw/times/utmbi8a.pfb><C:/Users/giuse/AppData/Roaming/MiKTeX/2.9/f
onts/type1/urw/times/utmr8a.pfb><C:/Users/giuse/AppData/Roaming/MiKTeX/2.9/font
s/type1/urw/times/utmri8a.pfb>
Output written on journal_v16.pdf (10 pages, 886695 bytes).
PDF statistics:
 302 PDF objects out of 1000 (max. 8388607)
 0 named destinations out of 1000 (max. 500000)
 56 words of extra memory for PDF output out of 10000 (max. 10000000)

